::1 - - [14/Jan/2016:20:34:23 +0000] "GET / HTTP/1.1" 304 -
::1 - - [14/Jan/2016:20:34:23 +0000] "GET /styles/styles.css HTTP/1.1" 304 -
::1 - - [14/Jan/2016:20:34:23 +0000] "GET /dist/dependencies.min.js HTTP/1.1" 304 -
::1 - - [14/Jan/2016:20:34:23 +0000] "GET /app/app.js HTTP/1.1" 304 -
::1 - - [14/Jan/2016:20:34:23 +0000] "GET /app/route-config.js HTTP/1.1" 304 -
::1 - - [14/Jan/2016:20:34:23 +0000] "GET /app/auth/auth.controller.js HTTP/1.1" 304 -
::1 - - [14/Jan/2016:20:34:23 +0000] "GET /app/craft/craft.controller.js HTTP/1.1" 304 -
::1 - - [14/Jan/2016:20:34:23 +0000] "GET /app/mission/mission.controller.js HTTP/1.1" 304 -
::1 - - [14/Jan/2016:20:34:23 +0000] "GET /app/stage1/stage1.controller.js HTTP/1.1" 304 -
::1 - - [14/Jan/2016:20:34:23 +0000] "GET /app/stage2/stage2.controller.js HTTP/1.1" 304 -
::1 - - [14/Jan/2016:20:34:23 +0000] "GET /app/orbit/orbit.controller.js HTTP/1.1" 304 -
::1 - - [14/Jan/2016:20:34:23 +0000] "GET /app/engines/engines.controller.js HTTP/1.1" 304 -
::1 - - [14/Jan/2016:20:34:23 +0000] "GET /app/tanks/tanks.controller.js HTTP/1.1" 304 -
::1 - - [14/Jan/2016:20:34:23 +0000] "GET /app/services/auth.service.js HTTP/1.1" 304 -
::1 - - [14/Jan/2016:20:34:23 +0000] "GET /app/services/mission.service.js HTTP/1.1" 304 -
::1 - - [14/Jan/2016:20:34:23 +0000] "GET /app/services/vehicle.service.js HTTP/1.1" 304 -
::1 - - [14/Jan/2016:20:34:23 +0000] "GET /app/services/spacecraft.service.js HTTP/1.1" 304 -
::1 - - [14/Jan/2016:20:34:23 +0000] "GET /app/mission/mission.html HTTP/1.1" 304 -
::1 - - [14/Jan/2016:20:34:23 +0000] "GET /assets/F9.png HTTP/1.1" 304 -
::1 - - [14/Jan/2016:20:34:24 +0000] "GET /mission/meta/1 HTTP/1.1" 304 -
::1 - - [14/Jan/2016:20:34:24 +0000] "GET /vehicle/engine/all/1 HTTP/1.1" 304 -
::1 - - [14/Jan/2016:20:34:24 +0000] "GET /vehicle/tank/all/1 HTTP/1.1" 304 -
::1 - - [14/Jan/2016:20:34:24 +0000] "GET /favicon.ico?v=2 HTTP/1.1" 200 32988
::1 - - [14/Jan/2016:20:34:24 +0000] "GET /assets/earth_bump.jpg HTTP/1.1" 304 -
::1 - - [14/Jan/2016:20:34:24 +0000] "GET /assets/galaxy_starfield.png HTTP/1.1" 304 -
::1 - - [14/Jan/2016:20:34:24 +0000] "GET /assets/earth_3.jpg HTTP/1.1" 304 -
::1 - - [14/Jan/2016:20:34:32 +0000] "GET /app/tanks/tanks.html HTTP/1.1" 304 -
::1 - - [14/Jan/2016:20:34:32 +0000] "GET /vehicle/tank/all/1 HTTP/1.1" 304 -
::1 - - [14/Jan/2016:20:34:35 +0000] "GET /mission/meta/1 HTTP/1.1" 304 -
::1 - - [14/Jan/2016:20:34:35 +0000] "GET /vehicle/engine/all/1 HTTP/1.1" 304 -
::1 - - [14/Jan/2016:20:34:35 +0000] "GET /vehicle/tank/all/1 HTTP/1.1" 304 -
::1 - - [14/Jan/2016:20:34:35 +0000] "GET /app/engines/engines.html HTTP/1.1" 304 -
::1 - - [14/Jan/2016:20:34:36 +0000] "GET /vehicle/engine/all/1 HTTP/1.1" 304 -
::1 - - [14/Jan/2016:20:34:36 +0000] "GET /assets/merlin_1D.jpg HTTP/1.1" 304 -
::1 - - [14/Jan/2016:20:36:06 +0000] "GET / HTTP/1.1" 304 -
::1 - - [14/Jan/2016:20:36:06 +0000] "GET /app/app.js HTTP/1.1" 304 -
::1 - - [14/Jan/2016:20:36:06 +0000] "GET /app/route-config.js HTTP/1.1" 304 -
::1 - - [14/Jan/2016:20:36:06 +0000] "GET /app/auth/auth.controller.js HTTP/1.1" 304 -
::1 - - [14/Jan/2016:20:36:06 +0000] "GET /app/craft/craft.controller.js HTTP/1.1" 304 -
::1 - - [14/Jan/2016:20:36:06 +0000] "GET /styles/styles.css HTTP/1.1" 200 21215
::1 - - [14/Jan/2016:20:36:06 +0000] "GET /app/mission/mission.controller.js HTTP/1.1" 304 -
::1 - - [14/Jan/2016:20:36:06 +0000] "GET /app/stage1/stage1.controller.js HTTP/1.1" 304 -
::1 - - [14/Jan/2016:20:36:06 +0000] "GET /app/stage2/stage2.controller.js HTTP/1.1" 304 -
::1 - - [14/Jan/2016:20:36:06 +0000] "GET /app/orbit/orbit.controller.js HTTP/1.1" 304 -
::1 - - [14/Jan/2016:20:36:06 +0000] "GET /app/engines/engines.controller.js HTTP/1.1" 304 -
::1 - - [14/Jan/2016:20:36:06 +0000] "GET /app/tanks/tanks.controller.js HTTP/1.1" 304 -
::1 - - [14/Jan/2016:20:36:06 +0000] "GET /app/services/auth.service.js HTTP/1.1" 304 -
::1 - - [14/Jan/2016:20:36:06 +0000] "GET /app/services/mission.service.js HTTP/1.1" 304 -
::1 - - [14/Jan/2016:20:36:06 +0000] "GET /dist/dependencies.min.js HTTP/1.1" 200 694833
::1 - - [14/Jan/2016:20:36:06 +0000] "GET /app/services/vehicle.service.js HTTP/1.1" 304 -
::1 - - [14/Jan/2016:20:36:06 +0000] "GET /app/services/spacecraft.service.js HTTP/1.1" 304 -
::1 - - [14/Jan/2016:20:36:06 +0000] "GET /app/engines/engines.html HTTP/1.1" 304 -
::1 - - [14/Jan/2016:20:36:06 +0000] "GET /assets/merlin_1D.jpg HTTP/1.1" 304 -
::1 - - [14/Jan/2016:20:36:06 +0000] "GET /vehicle/engine/all/1 HTTP/1.1" 304 -
::1 - - [14/Jan/2016:20:36:06 +0000] "GET /favicon.ico?v=2 HTTP/1.1" 200 32988
::1 - - [14/Jan/2016:20:36:10 +0000] "GET / HTTP/1.1" 304 -
::1 - - [14/Jan/2016:20:36:10 +0000] "GET /styles/styles.css HTTP/1.1" 304 -
::1 - - [14/Jan/2016:20:36:10 +0000] "GET /dist/dependencies.min.js HTTP/1.1" 304 -
::1 - - [14/Jan/2016:20:36:10 +0000] "GET /app/app.js HTTP/1.1" 304 -
::1 - - [14/Jan/2016:20:36:10 +0000] "GET /app/route-config.js HTTP/1.1" 304 -
::1 - - [14/Jan/2016:20:36:10 +0000] "GET /app/auth/auth.controller.js HTTP/1.1" 304 -
::1 - - [14/Jan/2016:20:36:10 +0000] "GET /app/craft/craft.controller.js HTTP/1.1" 304 -
::1 - - [14/Jan/2016:20:36:10 +0000] "GET /app/mission/mission.controller.js HTTP/1.1" 304 -
::1 - - [14/Jan/2016:20:36:10 +0000] "GET /app/stage1/stage1.controller.js HTTP/1.1" 304 -
::1 - - [14/Jan/2016:20:36:10 +0000] "GET /app/stage2/stage2.controller.js HTTP/1.1" 304 -
::1 - - [14/Jan/2016:20:36:10 +0000] "GET /app/orbit/orbit.controller.js HTTP/1.1" 304 -
::1 - - [14/Jan/2016:20:36:10 +0000] "GET /app/engines/engines.controller.js HTTP/1.1" 304 -
::1 - - [14/Jan/2016:20:36:10 +0000] "GET /app/tanks/tanks.controller.js HTTP/1.1" 304 -
::1 - - [14/Jan/2016:20:36:10 +0000] "GET /app/services/auth.service.js HTTP/1.1" 304 -
::1 - - [14/Jan/2016:20:36:10 +0000] "GET /app/services/mission.service.js HTTP/1.1" 304 -
::1 - - [14/Jan/2016:20:36:10 +0000] "GET /app/services/vehicle.service.js HTTP/1.1" 304 -
::1 - - [14/Jan/2016:20:36:10 +0000] "GET /app/services/spacecraft.service.js HTTP/1.1" 304 -
::1 - - [14/Jan/2016:20:36:10 +0000] "GET /app/engines/engines.html HTTP/1.1" 304 -
::1 - - [14/Jan/2016:20:36:10 +0000] "GET /assets/merlin_1D.jpg HTTP/1.1" 304 -
::1 - - [14/Jan/2016:20:36:11 +0000] "GET /vehicle/engine/all/1 HTTP/1.1" 304 -
::1 - - [14/Jan/2016:20:36:11 +0000] "GET /favicon.ico?v=2 HTTP/1.1" 200 32988
