::1 - - [10/Jan/2016:18:05:20 +0000] "GET / HTTP/1.1" 200 1878 "-" "Mozilla/5.0 (Macintosh; Intel Mac OS X 10_11_1) AppleWebKit/537.36 (KHTML, like Gecko) Chrome/47.0.2526.106 Safari/537.36"
::1 - - [10/Jan/2016:18:05:20 +0000] "GET /styles/styles.css HTTP/1.1" 200 21215 "http://localhost:3000/" "Mozilla/5.0 (Macintosh; Intel Mac OS X 10_11_1) AppleWebKit/537.36 (KHTML, like Gecko) Chrome/47.0.2526.106 Safari/537.36"
::1 - - [10/Jan/2016:18:05:20 +0000] "GET /app/app.js HTTP/1.1" 200 59 "http://localhost:3000/" "Mozilla/5.0 (Macintosh; Intel Mac OS X 10_11_1) AppleWebKit/537.36 (KHTML, like Gecko) Chrome/47.0.2526.106 Safari/537.36"
::1 - - [10/Jan/2016:18:05:20 +0000] "GET /app/route-config.js HTTP/1.1" 200 3670 "http://localhost:3000/" "Mozilla/5.0 (Macintosh; Intel Mac OS X 10_11_1) AppleWebKit/537.36 (KHTML, like Gecko) Chrome/47.0.2526.106 Safari/537.36"
::1 - - [10/Jan/2016:18:05:20 +0000] "GET /app/auth/auth.controller.js HTTP/1.1" 200 1411 "http://localhost:3000/" "Mozilla/5.0 (Macintosh; Intel Mac OS X 10_11_1) AppleWebKit/537.36 (KHTML, like Gecko) Chrome/47.0.2526.106 Safari/537.36"
::1 - - [10/Jan/2016:18:05:20 +0000] "GET /app/craft/craft.controller.js HTTP/1.1" 200 5416 "http://localhost:3000/" "Mozilla/5.0 (Macintosh; Intel Mac OS X 10_11_1) AppleWebKit/537.36 (KHTML, like Gecko) Chrome/47.0.2526.106 Safari/537.36"
::1 - - [10/Jan/2016:18:05:20 +0000] "GET /app/mission/mission.controller.js HTTP/1.1" 200 16285 "http://localhost:3000/" "Mozilla/5.0 (Macintosh; Intel Mac OS X 10_11_1) AppleWebKit/537.36 (KHTML, like Gecko) Chrome/47.0.2526.106 Safari/537.36"
::1 - - [10/Jan/2016:18:05:20 +0000] "GET /app/stage1/stage1.controller.js HTTP/1.1" 200 2190 "http://localhost:3000/" "Mozilla/5.0 (Macintosh; Intel Mac OS X 10_11_1) AppleWebKit/537.36 (KHTML, like Gecko) Chrome/47.0.2526.106 Safari/537.36"
::1 - - [10/Jan/2016:18:05:20 +0000] "GET /app/stage2/stage2.controller.js HTTP/1.1" 200 2027 "http://localhost:3000/" "Mozilla/5.0 (Macintosh; Intel Mac OS X 10_11_1) AppleWebKit/537.36 (KHTML, like Gecko) Chrome/47.0.2526.106 Safari/537.36"
::1 - - [10/Jan/2016:18:05:20 +0000] "GET /app/orbit/orbit.controller.js HTTP/1.1" 200 8070 "http://localhost:3000/" "Mozilla/5.0 (Macintosh; Intel Mac OS X 10_11_1) AppleWebKit/537.36 (KHTML, like Gecko) Chrome/47.0.2526.106 Safari/537.36"
::1 - - [10/Jan/2016:18:05:20 +0000] "GET /app/tanks/tanks.controller.js HTTP/1.1" 200 5879 "http://localhost:3000/" "Mozilla/5.0 (Macintosh; Intel Mac OS X 10_11_1) AppleWebKit/537.36 (KHTML, like Gecko) Chrome/47.0.2526.106 Safari/537.36"
::1 - - [10/Jan/2016:18:05:20 +0000] "GET /app/engines/engines.controller.js HTTP/1.1" 200 1923 "http://localhost:3000/" "Mozilla/5.0 (Macintosh; Intel Mac OS X 10_11_1) AppleWebKit/537.36 (KHTML, like Gecko) Chrome/47.0.2526.106 Safari/537.36"
::1 - - [10/Jan/2016:18:05:20 +0000] "GET /app/services/auth.service.js HTTP/1.1" 200 1034 "http://localhost:3000/" "Mozilla/5.0 (Macintosh; Intel Mac OS X 10_11_1) AppleWebKit/537.36 (KHTML, like Gecko) Chrome/47.0.2526.106 Safari/537.36"
::1 - - [10/Jan/2016:18:05:20 +0000] "GET /dist/dependencies.min.js HTTP/1.1" 200 694833 "http://localhost:3000/" "Mozilla/5.0 (Macintosh; Intel Mac OS X 10_11_1) AppleWebKit/537.36 (KHTML, like Gecko) Chrome/47.0.2526.106 Safari/537.36"
::1 - - [10/Jan/2016:18:05:20 +0000] "GET /app/services/mission.service.js HTTP/1.1" 200 867 "http://localhost:3000/" "Mozilla/5.0 (Macintosh; Intel Mac OS X 10_11_1) AppleWebKit/537.36 (KHTML, like Gecko) Chrome/47.0.2526.106 Safari/537.36"
::1 - - [10/Jan/2016:18:05:20 +0000] "GET /app/services/vehicle.service.js HTTP/1.1" 200 1620 "http://localhost:3000/" "Mozilla/5.0 (Macintosh; Intel Mac OS X 10_11_1) AppleWebKit/537.36 (KHTML, like Gecko) Chrome/47.0.2526.106 Safari/537.36"
::1 - - [10/Jan/2016:18:05:20 +0000] "GET /app/services/spacecraft.service.js HTTP/1.1" 200 544 "http://localhost:3000/" "Mozilla/5.0 (Macintosh; Intel Mac OS X 10_11_1) AppleWebKit/537.36 (KHTML, like Gecko) Chrome/47.0.2526.106 Safari/537.36"
::1 - - [10/Jan/2016:18:05:21 +0000] "GET /app/auth/signin.html HTTP/1.1" 200 545 "http://localhost:3000/" "Mozilla/5.0 (Macintosh; Intel Mac OS X 10_11_1) AppleWebKit/537.36 (KHTML, like Gecko) Chrome/47.0.2526.106 Safari/537.36"
::1 - - [10/Jan/2016:18:05:21 +0000] "GET /favicon.ico?v=2 HTTP/1.1" 200 32988 "http://localhost:3000/" "Mozilla/5.0 (Macintosh; Intel Mac OS X 10_11_1) AppleWebKit/537.36 (KHTML, like Gecko) Chrome/47.0.2526.106 Safari/537.36"
::1 - - [10/Jan/2016:18:05:23 +0000] "POST /auth/signin HTTP/1.1" 500 - "http://localhost:3000/" "Mozilla/5.0 (Macintosh; Intel Mac OS X 10_11_1) AppleWebKit/537.36 (KHTML, like Gecko) Chrome/47.0.2526.106 Safari/537.36"
::1 - - [10/Jan/2016:18:05:27 +0000] "POST /auth/signin HTTP/1.1" 500 - "http://localhost:3000/" "Mozilla/5.0 (Macintosh; Intel Mac OS X 10_11_1) AppleWebKit/537.36 (KHTML, like Gecko) Chrome/47.0.2526.106 Safari/537.36"
::1 - - [10/Jan/2016:18:05:35 +0000] "POST /auth/signin HTTP/1.1" 500 - "http://localhost:3000/" "Mozilla/5.0 (Macintosh; Intel Mac OS X 10_11_1) AppleWebKit/537.36 (KHTML, like Gecko) Chrome/47.0.2526.106 Safari/537.36"
::1 - - [10/Jan/2016:18:06:30 +0000] "GET /styles/styles.css HTTP/1.1" 304 - "http://localhost:3000/" "Mozilla/5.0 (Macintosh; Intel Mac OS X 10_11_1) AppleWebKit/537.36 (KHTML, like Gecko) Chrome/47.0.2526.106 Safari/537.36"
::1 - - [10/Jan/2016:18:06:31 +0000] "GET /dist/angular.min.js.map HTTP/1.1" 404 36 "-" "Mozilla/5.0 (Macintosh; Intel Mac OS X 10_11_1) AppleWebKit/537.36 (KHTML, like Gecko) Chrome/47.0.2526.106 Safari/537.36"
::1 - - [10/Jan/2016:18:06:31 +0000] "GET /styles/styles.css.map HTTP/1.1" 200 10718 "-" "Mozilla/5.0 (Macintosh; Intel Mac OS X 10_11_1) AppleWebKit/537.36 (KHTML, like Gecko) Chrome/47.0.2526.106 Safari/537.36"
::1 - - [10/Jan/2016:18:07:46 +0000] "GET / HTTP/1.1" 304 - "-" "Mozilla/5.0 (Macintosh; Intel Mac OS X 10_11_1) AppleWebKit/537.36 (KHTML, like Gecko) Chrome/47.0.2526.106 Safari/537.36"
::1 - - [10/Jan/2016:18:07:46 +0000] "GET /app/app.js HTTP/1.1" 304 - "http://localhost:3000/" "Mozilla/5.0 (Macintosh; Intel Mac OS X 10_11_1) AppleWebKit/537.36 (KHTML, like Gecko) Chrome/47.0.2526.106 Safari/537.36"
::1 - - [10/Jan/2016:18:07:46 +0000] "GET /app/route-config.js HTTP/1.1" 304 - "http://localhost:3000/" "Mozilla/5.0 (Macintosh; Intel Mac OS X 10_11_1) AppleWebKit/537.36 (KHTML, like Gecko) Chrome/47.0.2526.106 Safari/537.36"
::1 - - [10/Jan/2016:18:07:46 +0000] "GET /app/auth/auth.controller.js HTTP/1.1" 304 - "http://localhost:3000/" "Mozilla/5.0 (Macintosh; Intel Mac OS X 10_11_1) AppleWebKit/537.36 (KHTML, like Gecko) Chrome/47.0.2526.106 Safari/537.36"
::1 - - [10/Jan/2016:18:07:46 +0000] "GET /app/craft/craft.controller.js HTTP/1.1" 304 - "http://localhost:3000/" "Mozilla/5.0 (Macintosh; Intel Mac OS X 10_11_1) AppleWebKit/537.36 (KHTML, like Gecko) Chrome/47.0.2526.106 Safari/537.36"
::1 - - [10/Jan/2016:18:07:46 +0000] "GET /styles/styles.css HTTP/1.1" 200 21215 "http://localhost:3000/" "Mozilla/5.0 (Macintosh; Intel Mac OS X 10_11_1) AppleWebKit/537.36 (KHTML, like Gecko) Chrome/47.0.2526.106 Safari/537.36"
::1 - - [10/Jan/2016:18:07:46 +0000] "GET /app/mission/mission.controller.js HTTP/1.1" 304 - "http://localhost:3000/" "Mozilla/5.0 (Macintosh; Intel Mac OS X 10_11_1) AppleWebKit/537.36 (KHTML, like Gecko) Chrome/47.0.2526.106 Safari/537.36"
::1 - - [10/Jan/2016:18:07:46 +0000] "GET /app/stage1/stage1.controller.js HTTP/1.1" 304 - "http://localhost:3000/" "Mozilla/5.0 (Macintosh; Intel Mac OS X 10_11_1) AppleWebKit/537.36 (KHTML, like Gecko) Chrome/47.0.2526.106 Safari/537.36"
::1 - - [10/Jan/2016:18:07:46 +0000] "GET /app/stage2/stage2.controller.js HTTP/1.1" 304 - "http://localhost:3000/" "Mozilla/5.0 (Macintosh; Intel Mac OS X 10_11_1) AppleWebKit/537.36 (KHTML, like Gecko) Chrome/47.0.2526.106 Safari/537.36"
::1 - - [10/Jan/2016:18:07:46 +0000] "GET /app/orbit/orbit.controller.js HTTP/1.1" 304 - "http://localhost:3000/" "Mozilla/5.0 (Macintosh; Intel Mac OS X 10_11_1) AppleWebKit/537.36 (KHTML, like Gecko) Chrome/47.0.2526.106 Safari/537.36"
::1 - - [10/Jan/2016:18:07:46 +0000] "GET /app/engines/engines.controller.js HTTP/1.1" 304 - "http://localhost:3000/" "Mozilla/5.0 (Macintosh; Intel Mac OS X 10_11_1) AppleWebKit/537.36 (KHTML, like Gecko) Chrome/47.0.2526.106 Safari/537.36"
::1 - - [10/Jan/2016:18:07:46 +0000] "GET /app/tanks/tanks.controller.js HTTP/1.1" 304 - "http://localhost:3000/" "Mozilla/5.0 (Macintosh; Intel Mac OS X 10_11_1) AppleWebKit/537.36 (KHTML, like Gecko) Chrome/47.0.2526.106 Safari/537.36"
::1 - - [10/Jan/2016:18:07:46 +0000] "GET /app/services/auth.service.js HTTP/1.1" 304 - "http://localhost:3000/" "Mozilla/5.0 (Macintosh; Intel Mac OS X 10_11_1) AppleWebKit/537.36 (KHTML, like Gecko) Chrome/47.0.2526.106 Safari/537.36"
::1 - - [10/Jan/2016:18:07:46 +0000] "GET /app/services/mission.service.js HTTP/1.1" 304 - "http://localhost:3000/" "Mozilla/5.0 (Macintosh; Intel Mac OS X 10_11_1) AppleWebKit/537.36 (KHTML, like Gecko) Chrome/47.0.2526.106 Safari/537.36"
::1 - - [10/Jan/2016:18:07:46 +0000] "GET /app/services/vehicle.service.js HTTP/1.1" 304 - "http://localhost:3000/" "Mozilla/5.0 (Macintosh; Intel Mac OS X 10_11_1) AppleWebKit/537.36 (KHTML, like Gecko) Chrome/47.0.2526.106 Safari/537.36"
::1 - - [10/Jan/2016:18:07:46 +0000] "GET /app/services/spacecraft.service.js HTTP/1.1" 304 - "http://localhost:3000/" "Mozilla/5.0 (Macintosh; Intel Mac OS X 10_11_1) AppleWebKit/537.36 (KHTML, like Gecko) Chrome/47.0.2526.106 Safari/537.36"
::1 - - [10/Jan/2016:18:07:46 +0000] "GET /dist/dependencies.min.js HTTP/1.1" 200 694833 "http://localhost:3000/" "Mozilla/5.0 (Macintosh; Intel Mac OS X 10_11_1) AppleWebKit/537.36 (KHTML, like Gecko) Chrome/47.0.2526.106 Safari/537.36"
::1 - - [10/Jan/2016:18:07:46 +0000] "GET /styles/styles.css.map HTTP/1.1" 200 10718 "-" "Mozilla/5.0 (Macintosh; Intel Mac OS X 10_11_1) AppleWebKit/537.36 (KHTML, like Gecko) Chrome/47.0.2526.106 Safari/537.36"
::1 - - [10/Jan/2016:18:07:46 +0000] "GET /dist/angular.min.js.map HTTP/1.1" 404 36 "-" "Mozilla/5.0 (Macintosh; Intel Mac OS X 10_11_1) AppleWebKit/537.36 (KHTML, like Gecko) Chrome/47.0.2526.106 Safari/537.36"
::1 - - [10/Jan/2016:18:07:46 +0000] "GET /app/auth/signin.html HTTP/1.1" 304 - "http://localhost:3000/" "Mozilla/5.0 (Macintosh; Intel Mac OS X 10_11_1) AppleWebKit/537.36 (KHTML, like Gecko) Chrome/47.0.2526.106 Safari/537.36"
::1 - - [10/Jan/2016:18:07:51 +0000] "POST /auth/signin HTTP/1.1" 500 - "http://localhost:3000/" "Mozilla/5.0 (Macintosh; Intel Mac OS X 10_11_1) AppleWebKit/537.36 (KHTML, like Gecko) Chrome/47.0.2526.106 Safari/537.36"
::1 - - [10/Jan/2016:18:09:35 +0000] "POST /auth/signin HTTP/1.1" 500 - "http://localhost:3000/" "Mozilla/5.0 (Macintosh; Intel Mac OS X 10_11_1) AppleWebKit/537.36 (KHTML, like Gecko) Chrome/47.0.2526.106 Safari/537.36"
::1 - - [10/Jan/2016:18:09:37 +0000] "GET / HTTP/1.1" 304 - "-" "Mozilla/5.0 (Macintosh; Intel Mac OS X 10_11_1) AppleWebKit/537.36 (KHTML, like Gecko) Chrome/47.0.2526.106 Safari/537.36"
::1 - - [10/Jan/2016:18:09:37 +0000] "GET /styles/styles.css HTTP/1.1" 304 - "http://localhost:3000/" "Mozilla/5.0 (Macintosh; Intel Mac OS X 10_11_1) AppleWebKit/537.36 (KHTML, like Gecko) Chrome/47.0.2526.106 Safari/537.36"
::1 - - [10/Jan/2016:18:09:37 +0000] "GET /dist/dependencies.min.js HTTP/1.1" 304 - "http://localhost:3000/" "Mozilla/5.0 (Macintosh; Intel Mac OS X 10_11_1) AppleWebKit/537.36 (KHTML, like Gecko) Chrome/47.0.2526.106 Safari/537.36"
::1 - - [10/Jan/2016:18:09:37 +0000] "GET /app/app.js HTTP/1.1" 304 - "http://localhost:3000/" "Mozilla/5.0 (Macintosh; Intel Mac OS X 10_11_1) AppleWebKit/537.36 (KHTML, like Gecko) Chrome/47.0.2526.106 Safari/537.36"
::1 - - [10/Jan/2016:18:09:37 +0000] "GET /app/route-config.js HTTP/1.1" 304 - "http://localhost:3000/" "Mozilla/5.0 (Macintosh; Intel Mac OS X 10_11_1) AppleWebKit/537.36 (KHTML, like Gecko) Chrome/47.0.2526.106 Safari/537.36"
::1 - - [10/Jan/2016:18:09:37 +0000] "GET /app/auth/auth.controller.js HTTP/1.1" 304 - "http://localhost:3000/" "Mozilla/5.0 (Macintosh; Intel Mac OS X 10_11_1) AppleWebKit/537.36 (KHTML, like Gecko) Chrome/47.0.2526.106 Safari/537.36"
::1 - - [10/Jan/2016:18:09:37 +0000] "GET /app/craft/craft.controller.js HTTP/1.1" 304 - "http://localhost:3000/" "Mozilla/5.0 (Macintosh; Intel Mac OS X 10_11_1) AppleWebKit/537.36 (KHTML, like Gecko) Chrome/47.0.2526.106 Safari/537.36"
::1 - - [10/Jan/2016:18:09:37 +0000] "GET /app/mission/mission.controller.js HTTP/1.1" 304 - "http://localhost:3000/" "Mozilla/5.0 (Macintosh; Intel Mac OS X 10_11_1) AppleWebKit/537.36 (KHTML, like Gecko) Chrome/47.0.2526.106 Safari/537.36"
::1 - - [10/Jan/2016:18:09:37 +0000] "GET /app/stage1/stage1.controller.js HTTP/1.1" 304 - "http://localhost:3000/" "Mozilla/5.0 (Macintosh; Intel Mac OS X 10_11_1) AppleWebKit/537.36 (KHTML, like Gecko) Chrome/47.0.2526.106 Safari/537.36"
::1 - - [10/Jan/2016:18:09:37 +0000] "GET /app/stage2/stage2.controller.js HTTP/1.1" 304 - "http://localhost:3000/" "Mozilla/5.0 (Macintosh; Intel Mac OS X 10_11_1) AppleWebKit/537.36 (KHTML, like Gecko) Chrome/47.0.2526.106 Safari/537.36"
::1 - - [10/Jan/2016:18:09:37 +0000] "GET /app/orbit/orbit.controller.js HTTP/1.1" 304 - "http://localhost:3000/" "Mozilla/5.0 (Macintosh; Intel Mac OS X 10_11_1) AppleWebKit/537.36 (KHTML, like Gecko) Chrome/47.0.2526.106 Safari/537.36"
::1 - - [10/Jan/2016:18:09:37 +0000] "GET /app/engines/engines.controller.js HTTP/1.1" 304 - "http://localhost:3000/" "Mozilla/5.0 (Macintosh; Intel Mac OS X 10_11_1) AppleWebKit/537.36 (KHTML, like Gecko) Chrome/47.0.2526.106 Safari/537.36"
::1 - - [10/Jan/2016:18:09:37 +0000] "GET /app/tanks/tanks.controller.js HTTP/1.1" 304 - "http://localhost:3000/" "Mozilla/5.0 (Macintosh; Intel Mac OS X 10_11_1) AppleWebKit/537.36 (KHTML, like Gecko) Chrome/47.0.2526.106 Safari/537.36"
::1 - - [10/Jan/2016:18:09:37 +0000] "GET /app/services/auth.service.js HTTP/1.1" 304 - "http://localhost:3000/" "Mozilla/5.0 (Macintosh; Intel Mac OS X 10_11_1) AppleWebKit/537.36 (KHTML, like Gecko) Chrome/47.0.2526.106 Safari/537.36"
::1 - - [10/Jan/2016:18:09:37 +0000] "GET /app/services/mission.service.js HTTP/1.1" 304 - "http://localhost:3000/" "Mozilla/5.0 (Macintosh; Intel Mac OS X 10_11_1) AppleWebKit/537.36 (KHTML, like Gecko) Chrome/47.0.2526.106 Safari/537.36"
::1 - - [10/Jan/2016:18:09:37 +0000] "GET /app/services/vehicle.service.js HTTP/1.1" 304 - "http://localhost:3000/" "Mozilla/5.0 (Macintosh; Intel Mac OS X 10_11_1) AppleWebKit/537.36 (KHTML, like Gecko) Chrome/47.0.2526.106 Safari/537.36"
::1 - - [10/Jan/2016:18:09:37 +0000] "GET /app/services/spacecraft.service.js HTTP/1.1" 304 - "http://localhost:3000/" "Mozilla/5.0 (Macintosh; Intel Mac OS X 10_11_1) AppleWebKit/537.36 (KHTML, like Gecko) Chrome/47.0.2526.106 Safari/537.36"
::1 - - [10/Jan/2016:18:09:37 +0000] "GET /styles/styles.css.map HTTP/1.1" 304 - "-" "Mozilla/5.0 (Macintosh; Intel Mac OS X 10_11_1) AppleWebKit/537.36 (KHTML, like Gecko) Chrome/47.0.2526.106 Safari/537.36"
::1 - - [10/Jan/2016:18:09:37 +0000] "GET /dist/angular.min.js.map HTTP/1.1" 404 36 "-" "Mozilla/5.0 (Macintosh; Intel Mac OS X 10_11_1) AppleWebKit/537.36 (KHTML, like Gecko) Chrome/47.0.2526.106 Safari/537.36"
::1 - - [10/Jan/2016:18:09:38 +0000] "GET /app/auth/signin.html HTTP/1.1" 304 - "http://localhost:3000/" "Mozilla/5.0 (Macintosh; Intel Mac OS X 10_11_1) AppleWebKit/537.36 (KHTML, like Gecko) Chrome/47.0.2526.106 Safari/537.36"
::1 - - [10/Jan/2016:18:09:51 +0000] "POST /auth/signin HTTP/1.1" 500 - "http://localhost:3000/" "Mozilla/5.0 (Macintosh; Intel Mac OS X 10_11_1) AppleWebKit/537.36 (KHTML, like Gecko) Chrome/47.0.2526.106 Safari/537.36"
::1 - - [10/Jan/2016:18:10:11 +0000] "POST /auth/signin HTTP/1.1" 200 181 "http://localhost:3000/" "Mozilla/5.0 (Macintosh; Intel Mac OS X 10_11_1) AppleWebKit/537.36 (KHTML, like Gecko) Chrome/47.0.2526.106 Safari/537.36"
::1 - - [10/Jan/2016:18:10:11 +0000] "GET /app/mission/mission.html HTTP/1.1" 200 7026 "http://localhost:3000/" "Mozilla/5.0 (Macintosh; Intel Mac OS X 10_11_1) AppleWebKit/537.36 (KHTML, like Gecko) Chrome/47.0.2526.106 Safari/537.36"
::1 - - [10/Jan/2016:18:10:11 +0000] "GET /mission/meta/1 HTTP/1.1" 200 236 "http://localhost:3000/" "Mozilla/5.0 (Macintosh; Intel Mac OS X 10_11_1) AppleWebKit/537.36 (KHTML, like Gecko) Chrome/47.0.2526.106 Safari/537.36"
::1 - - [10/Jan/2016:18:10:11 +0000] "GET /vehicle/engine/all/1 HTTP/1.1" 200 1843 "http://localhost:3000/" "Mozilla/5.0 (Macintosh; Intel Mac OS X 10_11_1) AppleWebKit/537.36 (KHTML, like Gecko) Chrome/47.0.2526.106 Safari/537.36"
::1 - - [10/Jan/2016:18:10:11 +0000] "GET /vehicle/tank/all/1 HTTP/1.1" 200 1016 "http://localhost:3000/" "Mozilla/5.0 (Macintosh; Intel Mac OS X 10_11_1) AppleWebKit/537.36 (KHTML, like Gecko) Chrome/47.0.2526.106 Safari/537.36"
::1 - - [10/Jan/2016:18:10:11 +0000] "GET /assets/earth_bump.jpg HTTP/1.1" 200 91237 "http://localhost:3000/" "Mozilla/5.0 (Macintosh; Intel Mac OS X 10_11_1) AppleWebKit/537.36 (KHTML, like Gecko) Chrome/47.0.2526.106 Safari/537.36"
::1 - - [10/Jan/2016:18:10:11 +0000] "GET /assets/galaxy_starfield.png HTTP/1.1" 200 673311 "http://localhost:3000/" "Mozilla/5.0 (Macintosh; Intel Mac OS X 10_11_1) AppleWebKit/537.36 (KHTML, like Gecko) Chrome/47.0.2526.106 Safari/537.36"
::1 - - [10/Jan/2016:18:10:12 +0000] "GET /assets/F9.png HTTP/1.1" 200 1825088 "http://localhost:3000/" "Mozilla/5.0 (Macintosh; Intel Mac OS X 10_11_1) AppleWebKit/537.36 (KHTML, like Gecko) Chrome/47.0.2526.106 Safari/537.36"
::1 - - [10/Jan/2016:18:10:12 +0000] "GET /assets/earth_3.jpg HTTP/1.1" 200 2566770 "http://localhost:3000/" "Mozilla/5.0 (Macintosh; Intel Mac OS X 10_11_1) AppleWebKit/537.36 (KHTML, like Gecko) Chrome/47.0.2526.106 Safari/537.36"
::1 - - [13/Jan/2016:04:00:41 +0000] "GET / HTTP/1.1" 304 - "-" "Mozilla/5.0 (Macintosh; Intel Mac OS X 10_11_1) AppleWebKit/537.36 (KHTML, like Gecko) Chrome/47.0.2526.106 Safari/537.36"
::1 - - [13/Jan/2016:04:00:41 +0000] "GET /app/app.js HTTP/1.1" 304 - "http://localhost:3000/" "Mozilla/5.0 (Macintosh; Intel Mac OS X 10_11_1) AppleWebKit/537.36 (KHTML, like Gecko) Chrome/47.0.2526.106 Safari/537.36"
::1 - - [13/Jan/2016:04:00:41 +0000] "GET /app/auth/auth.controller.js HTTP/1.1" 304 - "http://localhost:3000/" "Mozilla/5.0 (Macintosh; Intel Mac OS X 10_11_1) AppleWebKit/537.36 (KHTML, like Gecko) Chrome/47.0.2526.106 Safari/537.36"
::1 - - [13/Jan/2016:04:00:41 +0000] "GET /app/craft/craft.controller.js HTTP/1.1" 304 - "http://localhost:3000/" "Mozilla/5.0 (Macintosh; Intel Mac OS X 10_11_1) AppleWebKit/537.36 (KHTML, like Gecko) Chrome/47.0.2526.106 Safari/537.36"
::1 - - [13/Jan/2016:04:00:41 +0000] "GET /app/route-config.js HTTP/1.1" 304 - "http://localhost:3000/" "Mozilla/5.0 (Macintosh; Intel Mac OS X 10_11_1) AppleWebKit/537.36 (KHTML, like Gecko) Chrome/47.0.2526.106 Safari/537.36"
::1 - - [13/Jan/2016:04:00:41 +0000] "GET /app/mission/mission.controller.js HTTP/1.1" 304 - "http://localhost:3000/" "Mozilla/5.0 (Macintosh; Intel Mac OS X 10_11_1) AppleWebKit/537.36 (KHTML, like Gecko) Chrome/47.0.2526.106 Safari/537.36"
::1 - - [13/Jan/2016:04:00:41 +0000] "GET /styles/styles.css HTTP/1.1" 200 21215 "http://localhost:3000/" "Mozilla/5.0 (Macintosh; Intel Mac OS X 10_11_1) AppleWebKit/537.36 (KHTML, like Gecko) Chrome/47.0.2526.106 Safari/537.36"
::1 - - [13/Jan/2016:04:00:41 +0000] "GET /app/stage1/stage1.controller.js HTTP/1.1" 304 - "http://localhost:3000/" "Mozilla/5.0 (Macintosh; Intel Mac OS X 10_11_1) AppleWebKit/537.36 (KHTML, like Gecko) Chrome/47.0.2526.106 Safari/537.36"
::1 - - [13/Jan/2016:04:00:41 +0000] "GET /app/stage2/stage2.controller.js HTTP/1.1" 304 - "http://localhost:3000/" "Mozilla/5.0 (Macintosh; Intel Mac OS X 10_11_1) AppleWebKit/537.36 (KHTML, like Gecko) Chrome/47.0.2526.106 Safari/537.36"
::1 - - [13/Jan/2016:04:00:41 +0000] "GET /app/orbit/orbit.controller.js HTTP/1.1" 304 - "http://localhost:3000/" "Mozilla/5.0 (Macintosh; Intel Mac OS X 10_11_1) AppleWebKit/537.36 (KHTML, like Gecko) Chrome/47.0.2526.106 Safari/537.36"
::1 - - [13/Jan/2016:04:00:41 +0000] "GET /app/engines/engines.controller.js HTTP/1.1" 304 - "http://localhost:3000/" "Mozilla/5.0 (Macintosh; Intel Mac OS X 10_11_1) AppleWebKit/537.36 (KHTML, like Gecko) Chrome/47.0.2526.106 Safari/537.36"
::1 - - [13/Jan/2016:04:00:41 +0000] "GET /app/services/auth.service.js HTTP/1.1" 304 - "http://localhost:3000/" "Mozilla/5.0 (Macintosh; Intel Mac OS X 10_11_1) AppleWebKit/537.36 (KHTML, like Gecko) Chrome/47.0.2526.106 Safari/537.36"
::1 - - [13/Jan/2016:04:00:41 +0000] "GET /app/tanks/tanks.controller.js HTTP/1.1" 304 - "http://localhost:3000/" "Mozilla/5.0 (Macintosh; Intel Mac OS X 10_11_1) AppleWebKit/537.36 (KHTML, like Gecko) Chrome/47.0.2526.106 Safari/537.36"
::1 - - [13/Jan/2016:04:00:41 +0000] "GET /app/services/mission.service.js HTTP/1.1" 304 - "http://localhost:3000/" "Mozilla/5.0 (Macintosh; Intel Mac OS X 10_11_1) AppleWebKit/537.36 (KHTML, like Gecko) Chrome/47.0.2526.106 Safari/537.36"
::1 - - [13/Jan/2016:04:00:41 +0000] "GET /app/services/vehicle.service.js HTTP/1.1" 304 - "http://localhost:3000/" "Mozilla/5.0 (Macintosh; Intel Mac OS X 10_11_1) AppleWebKit/537.36 (KHTML, like Gecko) Chrome/47.0.2526.106 Safari/537.36"
::1 - - [13/Jan/2016:04:00:41 +0000] "GET /app/services/spacecraft.service.js HTTP/1.1" 304 - "http://localhost:3000/" "Mozilla/5.0 (Macintosh; Intel Mac OS X 10_11_1) AppleWebKit/537.36 (KHTML, like Gecko) Chrome/47.0.2526.106 Safari/537.36"
::1 - - [13/Jan/2016:04:00:41 +0000] "GET /dist/dependencies.min.js HTTP/1.1" 200 694833 "http://localhost:3000/" "Mozilla/5.0 (Macintosh; Intel Mac OS X 10_11_1) AppleWebKit/537.36 (KHTML, like Gecko) Chrome/47.0.2526.106 Safari/537.36"
::1 - - [13/Jan/2016:04:00:47 +0000] "GET /styles/styles.css.map HTTP/1.1" 200 10718 "-" "Mozilla/5.0 (Macintosh; Intel Mac OS X 10_11_1) AppleWebKit/537.36 (KHTML, like Gecko) Chrome/47.0.2526.106 Safari/537.36"
::1 - - [13/Jan/2016:04:00:55 +0000] "GET / HTTP/1.1" 200 1878 "-" "Mozilla/5.0 (Macintosh; Intel Mac OS X 10_11_1) AppleWebKit/537.36 (KHTML, like Gecko) Chrome/47.0.2526.106 Safari/537.36"
::1 - - [13/Jan/2016:04:00:56 +0000] "GET /styles/styles.css HTTP/1.1" 200 21215 "http://localhost:3000/" "Mozilla/5.0 (Macintosh; Intel Mac OS X 10_11_1) AppleWebKit/537.36 (KHTML, like Gecko) Chrome/47.0.2526.106 Safari/537.36"
::1 - - [13/Jan/2016:04:00:56 +0000] "GET /app/app.js HTTP/1.1" 200 59 "http://localhost:3000/" "Mozilla/5.0 (Macintosh; Intel Mac OS X 10_11_1) AppleWebKit/537.36 (KHTML, like Gecko) Chrome/47.0.2526.106 Safari/537.36"
::1 - - [13/Jan/2016:04:00:56 +0000] "GET /app/auth/auth.controller.js HTTP/1.1" 200 1411 "http://localhost:3000/" "Mozilla/5.0 (Macintosh; Intel Mac OS X 10_11_1) AppleWebKit/537.36 (KHTML, like Gecko) Chrome/47.0.2526.106 Safari/537.36"
::1 - - [13/Jan/2016:04:00:56 +0000] "GET /app/route-config.js HTTP/1.1" 200 3670 "http://localhost:3000/" "Mozilla/5.0 (Macintosh; Intel Mac OS X 10_11_1) AppleWebKit/537.36 (KHTML, like Gecko) Chrome/47.0.2526.106 Safari/537.36"
::1 - - [13/Jan/2016:04:00:56 +0000] "GET /app/craft/craft.controller.js HTTP/1.1" 200 5416 "http://localhost:3000/" "Mozilla/5.0 (Macintosh; Intel Mac OS X 10_11_1) AppleWebKit/537.36 (KHTML, like Gecko) Chrome/47.0.2526.106 Safari/537.36"
::1 - - [13/Jan/2016:04:00:56 +0000] "GET /app/mission/mission.controller.js HTTP/1.1" 200 16285 "http://localhost:3000/" "Mozilla/5.0 (Macintosh; Intel Mac OS X 10_11_1) AppleWebKit/537.36 (KHTML, like Gecko) Chrome/47.0.2526.106 Safari/537.36"
::1 - - [13/Jan/2016:04:00:56 +0000] "GET /app/stage1/stage1.controller.js HTTP/1.1" 200 2190 "http://localhost:3000/" "Mozilla/5.0 (Macintosh; Intel Mac OS X 10_11_1) AppleWebKit/537.36 (KHTML, like Gecko) Chrome/47.0.2526.106 Safari/537.36"
::1 - - [13/Jan/2016:04:00:56 +0000] "GET /app/stage2/stage2.controller.js HTTP/1.1" 200 2027 "http://localhost:3000/" "Mozilla/5.0 (Macintosh; Intel Mac OS X 10_11_1) AppleWebKit/537.36 (KHTML, like Gecko) Chrome/47.0.2526.106 Safari/537.36"
::1 - - [13/Jan/2016:04:00:56 +0000] "GET /app/orbit/orbit.controller.js HTTP/1.1" 200 8070 "http://localhost:3000/" "Mozilla/5.0 (Macintosh; Intel Mac OS X 10_11_1) AppleWebKit/537.36 (KHTML, like Gecko) Chrome/47.0.2526.106 Safari/537.36"
::1 - - [13/Jan/2016:04:00:56 +0000] "GET /app/engines/engines.controller.js HTTP/1.1" 200 1923 "http://localhost:3000/" "Mozilla/5.0 (Macintosh; Intel Mac OS X 10_11_1) AppleWebKit/537.36 (KHTML, like Gecko) Chrome/47.0.2526.106 Safari/537.36"
::1 - - [13/Jan/2016:04:00:56 +0000] "GET /dist/dependencies.min.js HTTP/1.1" 200 694833 "http://localhost:3000/" "Mozilla/5.0 (Macintosh; Intel Mac OS X 10_11_1) AppleWebKit/537.36 (KHTML, like Gecko) Chrome/47.0.2526.106 Safari/537.36"
::1 - - [13/Jan/2016:04:00:56 +0000] "GET /app/tanks/tanks.controller.js HTTP/1.1" 200 5879 "http://localhost:3000/" "Mozilla/5.0 (Macintosh; Intel Mac OS X 10_11_1) AppleWebKit/537.36 (KHTML, like Gecko) Chrome/47.0.2526.106 Safari/537.36"
::1 - - [13/Jan/2016:04:00:56 +0000] "GET /app/services/auth.service.js HTTP/1.1" 200 1034 "http://localhost:3000/" "Mozilla/5.0 (Macintosh; Intel Mac OS X 10_11_1) AppleWebKit/537.36 (KHTML, like Gecko) Chrome/47.0.2526.106 Safari/537.36"
::1 - - [13/Jan/2016:04:00:56 +0000] "GET /app/services/mission.service.js HTTP/1.1" 200 867 "http://localhost:3000/" "Mozilla/5.0 (Macintosh; Intel Mac OS X 10_11_1) AppleWebKit/537.36 (KHTML, like Gecko) Chrome/47.0.2526.106 Safari/537.36"
::1 - - [13/Jan/2016:04:00:56 +0000] "GET /app/services/vehicle.service.js HTTP/1.1" 200 1620 "http://localhost:3000/" "Mozilla/5.0 (Macintosh; Intel Mac OS X 10_11_1) AppleWebKit/537.36 (KHTML, like Gecko) Chrome/47.0.2526.106 Safari/537.36"
::1 - - [13/Jan/2016:04:00:56 +0000] "GET /app/services/spacecraft.service.js HTTP/1.1" 200 544 "http://localhost:3000/" "Mozilla/5.0 (Macintosh; Intel Mac OS X 10_11_1) AppleWebKit/537.36 (KHTML, like Gecko) Chrome/47.0.2526.106 Safari/537.36"
::1 - - [13/Jan/2016:04:01:01 +0000] "GET /styles/styles.css.map HTTP/1.1" 200 10718 "-" "Mozilla/5.0 (Macintosh; Intel Mac OS X 10_11_1) AppleWebKit/537.36 (KHTML, like Gecko) Chrome/47.0.2526.106 Safari/537.36"
::1 - - [13/Jan/2016:04:01:46 +0000] "GET /app/app.js HTTP/1.1" 304 - "http://localhost:3000/" "Mozilla/5.0 (Macintosh; Intel Mac OS X 10_11_1) AppleWebKit/537.36 (KHTML, like Gecko) Chrome/47.0.2526.106 Safari/537.36"
::1 - - [13/Jan/2016:04:01:46 +0000] "GET /app/route-config.js HTTP/1.1" 304 - "http://localhost:3000/" "Mozilla/5.0 (Macintosh; Intel Mac OS X 10_11_1) AppleWebKit/537.36 (KHTML, like Gecko) Chrome/47.0.2526.106 Safari/537.36"
::1 - - [13/Jan/2016:04:01:46 +0000] "GET /app/auth/auth.controller.js HTTP/1.1" 304 - "http://localhost:3000/" "Mozilla/5.0 (Macintosh; Intel Mac OS X 10_11_1) AppleWebKit/537.36 (KHTML, like Gecko) Chrome/47.0.2526.106 Safari/537.36"
::1 - - [13/Jan/2016:04:01:46 +0000] "GET /app/craft/craft.controller.js HTTP/1.1" 304 - "http://localhost:3000/" "Mozilla/5.0 (Macintosh; Intel Mac OS X 10_11_1) AppleWebKit/537.36 (KHTML, like Gecko) Chrome/47.0.2526.106 Safari/537.36"
::1 - - [13/Jan/2016:04:01:46 +0000] "GET /app/mission/mission.controller.js HTTP/1.1" 304 - "http://localhost:3000/" "Mozilla/5.0 (Macintosh; Intel Mac OS X 10_11_1) AppleWebKit/537.36 (KHTML, like Gecko) Chrome/47.0.2526.106 Safari/537.36"
::1 - - [13/Jan/2016:04:01:46 +0000] "GET /app/stage1/stage1.controller.js HTTP/1.1" 304 - "http://localhost:3000/" "Mozilla/5.0 (Macintosh; Intel Mac OS X 10_11_1) AppleWebKit/537.36 (KHTML, like Gecko) Chrome/47.0.2526.106 Safari/537.36"
::1 - - [13/Jan/2016:04:01:46 +0000] "GET /app/stage2/stage2.controller.js HTTP/1.1" 304 - "http://localhost:3000/" "Mozilla/5.0 (Macintosh; Intel Mac OS X 10_11_1) AppleWebKit/537.36 (KHTML, like Gecko) Chrome/47.0.2526.106 Safari/537.36"
::1 - - [13/Jan/2016:04:01:46 +0000] "GET /app/orbit/orbit.controller.js HTTP/1.1" 304 - "http://localhost:3000/" "Mozilla/5.0 (Macintosh; Intel Mac OS X 10_11_1) AppleWebKit/537.36 (KHTML, like Gecko) Chrome/47.0.2526.106 Safari/537.36"
::1 - - [13/Jan/2016:04:01:46 +0000] "GET /app/engines/engines.controller.js HTTP/1.1" 304 - "http://localhost:3000/" "Mozilla/5.0 (Macintosh; Intel Mac OS X 10_11_1) AppleWebKit/537.36 (KHTML, like Gecko) Chrome/47.0.2526.106 Safari/537.36"
::1 - - [13/Jan/2016:04:01:46 +0000] "GET /app/tanks/tanks.controller.js HTTP/1.1" 304 - "http://localhost:3000/" "Mozilla/5.0 (Macintosh; Intel Mac OS X 10_11_1) AppleWebKit/537.36 (KHTML, like Gecko) Chrome/47.0.2526.106 Safari/537.36"
::1 - - [13/Jan/2016:04:01:46 +0000] "GET /app/services/auth.service.js HTTP/1.1" 304 - "http://localhost:3000/" "Mozilla/5.0 (Macintosh; Intel Mac OS X 10_11_1) AppleWebKit/537.36 (KHTML, like Gecko) Chrome/47.0.2526.106 Safari/537.36"
::1 - - [13/Jan/2016:04:01:46 +0000] "GET /app/services/mission.service.js HTTP/1.1" 304 - "http://localhost:3000/" "Mozilla/5.0 (Macintosh; Intel Mac OS X 10_11_1) AppleWebKit/537.36 (KHTML, like Gecko) Chrome/47.0.2526.106 Safari/537.36"
::1 - - [13/Jan/2016:04:01:46 +0000] "GET /app/services/vehicle.service.js HTTP/1.1" 304 - "http://localhost:3000/" "Mozilla/5.0 (Macintosh; Intel Mac OS X 10_11_1) AppleWebKit/537.36 (KHTML, like Gecko) Chrome/47.0.2526.106 Safari/537.36"
::1 - - [13/Jan/2016:04:01:46 +0000] "GET /app/services/spacecraft.service.js HTTP/1.1" 304 - "http://localhost:3000/" "Mozilla/5.0 (Macintosh; Intel Mac OS X 10_11_1) AppleWebKit/537.36 (KHTML, like Gecko) Chrome/47.0.2526.106 Safari/537.36"
::1 - - [13/Jan/2016:04:01:46 +0000] "GET /app/auth/signin.html HTTP/1.1" 304 - "http://localhost:3000/" "Mozilla/5.0 (Macintosh; Intel Mac OS X 10_11_1) AppleWebKit/537.36 (KHTML, like Gecko) Chrome/47.0.2526.106 Safari/537.36"
::1 - - [13/Jan/2016:04:01:46 +0000] "GET /app/orbit/orbit.html HTTP/1.1" 200 1267 "http://localhost:3000/" "Mozilla/5.0 (Macintosh; Intel Mac OS X 10_11_1) AppleWebKit/537.36 (KHTML, like Gecko) Chrome/47.0.2526.106 Safari/537.36"
::1 - - [13/Jan/2016:04:01:46 +0000] "GET /mission/meta/1 HTTP/1.1" 200 236 "http://localhost:3000/" "Mozilla/5.0 (Macintosh; Intel Mac OS X 10_11_1) AppleWebKit/537.36 (KHTML, like Gecko) Chrome/47.0.2526.106 Safari/537.36"
::1 - - [13/Jan/2016:04:01:52 +0000] "GET /dist/angular.min.js.map HTTP/1.1" 404 36 "-" "Mozilla/5.0 (Macintosh; Intel Mac OS X 10_11_1) AppleWebKit/537.36 (KHTML, like Gecko) Chrome/47.0.2526.106 Safari/537.36"
::1 - - [13/Jan/2016:04:01:52 +0000] "GET /styles/styles.css.map HTTP/1.1" 200 10718 "-" "Mozilla/5.0 (Macintosh; Intel Mac OS X 10_11_1) AppleWebKit/537.36 (KHTML, like Gecko) Chrome/47.0.2526.106 Safari/537.36"
::1 - - [13/Jan/2016:04:02:00 +0000] "GET / HTTP/1.1" 200 1878 "-" "Mozilla/5.0 (Macintosh; Intel Mac OS X 10_11_1) AppleWebKit/537.36 (KHTML, like Gecko) Chrome/47.0.2526.106 Safari/537.36"
::1 - - [13/Jan/2016:04:02:00 +0000] "GET /styles/styles.css HTTP/1.1" 200 21215 "http://localhost:3000/" "Mozilla/5.0 (Macintosh; Intel Mac OS X 10_11_1) AppleWebKit/537.36 (KHTML, like Gecko) Chrome/47.0.2526.106 Safari/537.36"
::1 - - [13/Jan/2016:04:02:00 +0000] "GET /app/app.js HTTP/1.1" 200 59 "http://localhost:3000/" "Mozilla/5.0 (Macintosh; Intel Mac OS X 10_11_1) AppleWebKit/537.36 (KHTML, like Gecko) Chrome/47.0.2526.106 Safari/537.36"
::1 - - [13/Jan/2016:04:02:00 +0000] "GET /app/route-config.js HTTP/1.1" 200 3670 "http://localhost:3000/" "Mozilla/5.0 (Macintosh; Intel Mac OS X 10_11_1) AppleWebKit/537.36 (KHTML, like Gecko) Chrome/47.0.2526.106 Safari/537.36"
::1 - - [13/Jan/2016:04:02:00 +0000] "GET /app/auth/auth.controller.js HTTP/1.1" 200 1411 "http://localhost:3000/" "Mozilla/5.0 (Macintosh; Intel Mac OS X 10_11_1) AppleWebKit/537.36 (KHTML, like Gecko) Chrome/47.0.2526.106 Safari/537.36"
::1 - - [13/Jan/2016:04:02:00 +0000] "GET /app/craft/craft.controller.js HTTP/1.1" 200 5416 "http://localhost:3000/" "Mozilla/5.0 (Macintosh; Intel Mac OS X 10_11_1) AppleWebKit/537.36 (KHTML, like Gecko) Chrome/47.0.2526.106 Safari/537.36"
::1 - - [13/Jan/2016:04:02:00 +0000] "GET /app/mission/mission.controller.js HTTP/1.1" 200 16285 "http://localhost:3000/" "Mozilla/5.0 (Macintosh; Intel Mac OS X 10_11_1) AppleWebKit/537.36 (KHTML, like Gecko) Chrome/47.0.2526.106 Safari/537.36"
::1 - - [13/Jan/2016:04:02:00 +0000] "GET /app/stage1/stage1.controller.js HTTP/1.1" 200 2190 "http://localhost:3000/" "Mozilla/5.0 (Macintosh; Intel Mac OS X 10_11_1) AppleWebKit/537.36 (KHTML, like Gecko) Chrome/47.0.2526.106 Safari/537.36"
::1 - - [13/Jan/2016:04:02:00 +0000] "GET /app/stage2/stage2.controller.js HTTP/1.1" 200 2027 "http://localhost:3000/" "Mozilla/5.0 (Macintosh; Intel Mac OS X 10_11_1) AppleWebKit/537.36 (KHTML, like Gecko) Chrome/47.0.2526.106 Safari/537.36"
::1 - - [13/Jan/2016:04:02:00 +0000] "GET /app/orbit/orbit.controller.js HTTP/1.1" 200 8070 "http://localhost:3000/" "Mozilla/5.0 (Macintosh; Intel Mac OS X 10_11_1) AppleWebKit/537.36 (KHTML, like Gecko) Chrome/47.0.2526.106 Safari/537.36"
::1 - - [13/Jan/2016:04:02:00 +0000] "GET /app/engines/engines.controller.js HTTP/1.1" 200 1923 "http://localhost:3000/" "Mozilla/5.0 (Macintosh; Intel Mac OS X 10_11_1) AppleWebKit/537.36 (KHTML, like Gecko) Chrome/47.0.2526.106 Safari/537.36"
::1 - - [13/Jan/2016:04:02:00 +0000] "GET /app/tanks/tanks.controller.js HTTP/1.1" 200 5879 "http://localhost:3000/" "Mozilla/5.0 (Macintosh; Intel Mac OS X 10_11_1) AppleWebKit/537.36 (KHTML, like Gecko) Chrome/47.0.2526.106 Safari/537.36"
::1 - - [13/Jan/2016:04:02:00 +0000] "GET /dist/dependencies.min.js HTTP/1.1" 200 694833 "http://localhost:3000/" "Mozilla/5.0 (Macintosh; Intel Mac OS X 10_11_1) AppleWebKit/537.36 (KHTML, like Gecko) Chrome/47.0.2526.106 Safari/537.36"
::1 - - [13/Jan/2016:04:02:00 +0000] "GET /app/services/auth.service.js HTTP/1.1" 200 1034 "http://localhost:3000/" "Mozilla/5.0 (Macintosh; Intel Mac OS X 10_11_1) AppleWebKit/537.36 (KHTML, like Gecko) Chrome/47.0.2526.106 Safari/537.36"
::1 - - [13/Jan/2016:04:02:00 +0000] "GET /app/services/mission.service.js HTTP/1.1" 200 867 "http://localhost:3000/" "Mozilla/5.0 (Macintosh; Intel Mac OS X 10_11_1) AppleWebKit/537.36 (KHTML, like Gecko) Chrome/47.0.2526.106 Safari/537.36"
::1 - - [13/Jan/2016:04:02:01 +0000] "GET /app/services/vehicle.service.js HTTP/1.1" 200 1620 "http://localhost:3000/" "Mozilla/5.0 (Macintosh; Intel Mac OS X 10_11_1) AppleWebKit/537.36 (KHTML, like Gecko) Chrome/47.0.2526.106 Safari/537.36"
::1 - - [13/Jan/2016:04:02:01 +0000] "GET /app/services/spacecraft.service.js HTTP/1.1" 200 544 "http://localhost:3000/" "Mozilla/5.0 (Macintosh; Intel Mac OS X 10_11_1) AppleWebKit/537.36 (KHTML, like Gecko) Chrome/47.0.2526.106 Safari/537.36"
::1 - - [14/Jan/2016:00:11:23 +0000] "GET / HTTP/1.1" 304 - "-" "Mozilla/5.0 (Macintosh; Intel Mac OS X 10_11_1) AppleWebKit/537.36 (KHTML, like Gecko) Chrome/47.0.2526.106 Safari/537.36"
::1 - - [14/Jan/2016:00:11:23 +0000] "GET /app/app.js HTTP/1.1" 304 - "http://localhost:3000/" "Mozilla/5.0 (Macintosh; Intel Mac OS X 10_11_1) AppleWebKit/537.36 (KHTML, like Gecko) Chrome/47.0.2526.106 Safari/537.36"
::1 - - [14/Jan/2016:00:11:23 +0000] "GET /app/route-config.js HTTP/1.1" 304 - "http://localhost:3000/" "Mozilla/5.0 (Macintosh; Intel Mac OS X 10_11_1) AppleWebKit/537.36 (KHTML, like Gecko) Chrome/47.0.2526.106 Safari/537.36"
::1 - - [14/Jan/2016:00:11:23 +0000] "GET /app/auth/auth.controller.js HTTP/1.1" 304 - "http://localhost:3000/" "Mozilla/5.0 (Macintosh; Intel Mac OS X 10_11_1) AppleWebKit/537.36 (KHTML, like Gecko) Chrome/47.0.2526.106 Safari/537.36"
::1 - - [14/Jan/2016:00:11:23 +0000] "GET /app/craft/craft.controller.js HTTP/1.1" 304 - "http://localhost:3000/" "Mozilla/5.0 (Macintosh; Intel Mac OS X 10_11_1) AppleWebKit/537.36 (KHTML, like Gecko) Chrome/47.0.2526.106 Safari/537.36"
::1 - - [14/Jan/2016:00:11:23 +0000] "GET /app/mission/mission.controller.js HTTP/1.1" 304 - "http://localhost:3000/" "Mozilla/5.0 (Macintosh; Intel Mac OS X 10_11_1) AppleWebKit/537.36 (KHTML, like Gecko) Chrome/47.0.2526.106 Safari/537.36"
::1 - - [14/Jan/2016:00:11:23 +0000] "GET /app/stage1/stage1.controller.js HTTP/1.1" 304 - "http://localhost:3000/" "Mozilla/5.0 (Macintosh; Intel Mac OS X 10_11_1) AppleWebKit/537.36 (KHTML, like Gecko) Chrome/47.0.2526.106 Safari/537.36"
::1 - - [14/Jan/2016:00:11:23 +0000] "GET /app/stage2/stage2.controller.js HTTP/1.1" 304 - "http://localhost:3000/" "Mozilla/5.0 (Macintosh; Intel Mac OS X 10_11_1) AppleWebKit/537.36 (KHTML, like Gecko) Chrome/47.0.2526.106 Safari/537.36"
::1 - - [14/Jan/2016:00:11:23 +0000] "GET /styles/styles.css HTTP/1.1" 200 21215 "http://localhost:3000/" "Mozilla/5.0 (Macintosh; Intel Mac OS X 10_11_1) AppleWebKit/537.36 (KHTML, like Gecko) Chrome/47.0.2526.106 Safari/537.36"
::1 - - [14/Jan/2016:00:11:23 +0000] "GET /app/engines/engines.controller.js HTTP/1.1" 304 - "http://localhost:3000/" "Mozilla/5.0 (Macintosh; Intel Mac OS X 10_11_1) AppleWebKit/537.36 (KHTML, like Gecko) Chrome/47.0.2526.106 Safari/537.36"
::1 - - [14/Jan/2016:00:11:23 +0000] "GET /app/orbit/orbit.controller.js HTTP/1.1" 304 - "http://localhost:3000/" "Mozilla/5.0 (Macintosh; Intel Mac OS X 10_11_1) AppleWebKit/537.36 (KHTML, like Gecko) Chrome/47.0.2526.106 Safari/537.36"
::1 - - [14/Jan/2016:00:11:23 +0000] "GET /app/tanks/tanks.controller.js HTTP/1.1" 304 - "http://localhost:3000/" "Mozilla/5.0 (Macintosh; Intel Mac OS X 10_11_1) AppleWebKit/537.36 (KHTML, like Gecko) Chrome/47.0.2526.106 Safari/537.36"
::1 - - [14/Jan/2016:00:11:23 +0000] "GET /app/services/auth.service.js HTTP/1.1" 304 - "http://localhost:3000/" "Mozilla/5.0 (Macintosh; Intel Mac OS X 10_11_1) AppleWebKit/537.36 (KHTML, like Gecko) Chrome/47.0.2526.106 Safari/537.36"
::1 - - [14/Jan/2016:00:11:23 +0000] "GET /app/services/mission.service.js HTTP/1.1" 304 - "http://localhost:3000/" "Mozilla/5.0 (Macintosh; Intel Mac OS X 10_11_1) AppleWebKit/537.36 (KHTML, like Gecko) Chrome/47.0.2526.106 Safari/537.36"
::1 - - [14/Jan/2016:00:11:23 +0000] "GET /app/services/vehicle.service.js HTTP/1.1" 304 - "http://localhost:3000/" "Mozilla/5.0 (Macintosh; Intel Mac OS X 10_11_1) AppleWebKit/537.36 (KHTML, like Gecko) Chrome/47.0.2526.106 Safari/537.36"
::1 - - [14/Jan/2016:00:11:23 +0000] "GET /app/services/spacecraft.service.js HTTP/1.1" 304 - "http://localhost:3000/" "Mozilla/5.0 (Macintosh; Intel Mac OS X 10_11_1) AppleWebKit/537.36 (KHTML, like Gecko) Chrome/47.0.2526.106 Safari/537.36"
::1 - - [14/Jan/2016:00:11:23 +0000] "GET /dist/dependencies.min.js HTTP/1.1" 200 694833 "http://localhost:3000/" "Mozilla/5.0 (Macintosh; Intel Mac OS X 10_11_1) AppleWebKit/537.36 (KHTML, like Gecko) Chrome/47.0.2526.106 Safari/537.36"
::1 - - [14/Jan/2016:00:11:23 +0000] "GET /app/auth/signin.html HTTP/1.1" 304 - "http://localhost:3000/" "Mozilla/5.0 (Macintosh; Intel Mac OS X 10_11_1) AppleWebKit/537.36 (KHTML, like Gecko) Chrome/47.0.2526.106 Safari/537.36"
::1 - - [14/Jan/2016:00:11:26 +0000] "POST /auth/signin HTTP/1.1" 200 181 "http://localhost:3000/" "Mozilla/5.0 (Macintosh; Intel Mac OS X 10_11_1) AppleWebKit/537.36 (KHTML, like Gecko) Chrome/47.0.2526.106 Safari/537.36"
::1 - - [14/Jan/2016:00:11:26 +0000] "GET /app/mission/mission.html HTTP/1.1" 304 - "http://localhost:3000/" "Mozilla/5.0 (Macintosh; Intel Mac OS X 10_11_1) AppleWebKit/537.36 (KHTML, like Gecko) Chrome/47.0.2526.106 Safari/537.36"
::1 - - [14/Jan/2016:00:11:26 +0000] "GET /mission/meta/1 HTTP/1.1" 304 - "http://localhost:3000/" "Mozilla/5.0 (Macintosh; Intel Mac OS X 10_11_1) AppleWebKit/537.36 (KHTML, like Gecko) Chrome/47.0.2526.106 Safari/537.36"
::1 - - [14/Jan/2016:00:11:26 +0000] "GET /assets/F9.png HTTP/1.1" 304 - "http://localhost:3000/" "Mozilla/5.0 (Macintosh; Intel Mac OS X 10_11_1) AppleWebKit/537.36 (KHTML, like Gecko) Chrome/47.0.2526.106 Safari/537.36"
::1 - - [14/Jan/2016:00:11:26 +0000] "GET /vehicle/engine/all/1 HTTP/1.1" 304 - "http://localhost:3000/" "Mozilla/5.0 (Macintosh; Intel Mac OS X 10_11_1) AppleWebKit/537.36 (KHTML, like Gecko) Chrome/47.0.2526.106 Safari/537.36"
::1 - - [14/Jan/2016:00:11:26 +0000] "GET /vehicle/tank/all/1 HTTP/1.1" 304 - "http://localhost:3000/" "Mozilla/5.0 (Macintosh; Intel Mac OS X 10_11_1) AppleWebKit/537.36 (KHTML, like Gecko) Chrome/47.0.2526.106 Safari/537.36"
::1 - - [14/Jan/2016:00:11:26 +0000] "GET /assets/earth_3.jpg HTTP/1.1" 304 - "http://localhost:3000/" "Mozilla/5.0 (Macintosh; Intel Mac OS X 10_11_1) AppleWebKit/537.36 (KHTML, like Gecko) Chrome/47.0.2526.106 Safari/537.36"
::1 - - [14/Jan/2016:00:11:26 +0000] "GET /assets/earth_bump.jpg HTTP/1.1" 304 - "http://localhost:3000/" "Mozilla/5.0 (Macintosh; Intel Mac OS X 10_11_1) AppleWebKit/537.36 (KHTML, like Gecko) Chrome/47.0.2526.106 Safari/537.36"
::1 - - [14/Jan/2016:00:11:26 +0000] "GET /assets/galaxy_starfield.png HTTP/1.1" 304 - "http://localhost:3000/" "Mozilla/5.0 (Macintosh; Intel Mac OS X 10_11_1) AppleWebKit/537.36 (KHTML, like Gecko) Chrome/47.0.2526.106 Safari/537.36"
::1 - - [14/Jan/2016:00:11:50 +0000] "GET /app/orbit/orbit.html HTTP/1.1" 200 1267 "http://localhost:3000/" "Mozilla/5.0 (Macintosh; Intel Mac OS X 10_11_1) AppleWebKit/537.36 (KHTML, like Gecko) Chrome/47.0.2526.106 Safari/537.36"
::1 - - [14/Jan/2016:00:11:50 +0000] "GET /mission/meta/1 HTTP/1.1" 304 - "http://localhost:3000/" "Mozilla/5.0 (Macintosh; Intel Mac OS X 10_11_1) AppleWebKit/537.36 (KHTML, like Gecko) Chrome/47.0.2526.106 Safari/537.36"
::1 - - [14/Jan/2016:00:11:50 +0000] "GET /assets/earthcloudmaptrans.jpg HTTP/1.1" 200 184128 "http://localhost:3000/" "Mozilla/5.0 (Macintosh; Intel Mac OS X 10_11_1) AppleWebKit/537.36 (KHTML, like Gecko) Chrome/47.0.2526.106 Safari/537.36"
::1 - - [14/Jan/2016:00:12:05 +0000] "GET /mission/meta/1 HTTP/1.1" 304 - "http://localhost:3000/" "Mozilla/5.0 (Macintosh; Intel Mac OS X 10_11_1) AppleWebKit/537.36 (KHTML, like Gecko) Chrome/47.0.2526.106 Safari/537.36"
::1 - - [14/Jan/2016:00:12:05 +0000] "GET /vehicle/engine/all/1 HTTP/1.1" 304 - "http://localhost:3000/" "Mozilla/5.0 (Macintosh; Intel Mac OS X 10_11_1) AppleWebKit/537.36 (KHTML, like Gecko) Chrome/47.0.2526.106 Safari/537.36"
::1 - - [14/Jan/2016:00:12:05 +0000] "GET /vehicle/tank/all/1 HTTP/1.1" 304 - "http://localhost:3000/" "Mozilla/5.0 (Macintosh; Intel Mac OS X 10_11_1) AppleWebKit/537.36 (KHTML, like Gecko) Chrome/47.0.2526.106 Safari/537.36"
::1 - - [14/Jan/2016:00:12:06 +0000] "GET /app/tanks/tanks.html HTTP/1.1" 200 5557 "http://localhost:3000/" "Mozilla/5.0 (Macintosh; Intel Mac OS X 10_11_1) AppleWebKit/537.36 (KHTML, like Gecko) Chrome/47.0.2526.106 Safari/537.36"
::1 - - [14/Jan/2016:00:12:06 +0000] "GET /vehicle/tank/all/1 HTTP/1.1" 304 - "http://localhost:3000/" "Mozilla/5.0 (Macintosh; Intel Mac OS X 10_11_1) AppleWebKit/537.36 (KHTML, like Gecko) Chrome/47.0.2526.106 Safari/537.36"
::1 - - [14/Jan/2016:00:12:07 +0000] "GET /vehicle/tank/all/1 HTTP/1.1" 304 - "http://localhost:3000/" "Mozilla/5.0 (Macintosh; Intel Mac OS X 10_11_1) AppleWebKit/537.36 (KHTML, like Gecko) Chrome/47.0.2526.106 Safari/537.36"
::1 - - [14/Jan/2016:00:12:08 +0000] "GET /vehicle/tank/all/1 HTTP/1.1" 304 - "http://localhost:3000/" "Mozilla/5.0 (Macintosh; Intel Mac OS X 10_11_1) AppleWebKit/537.36 (KHTML, like Gecko) Chrome/47.0.2526.106 Safari/537.36"
::1 - - [14/Jan/2016:00:12:09 +0000] "GET /vehicle/tank/all/1 HTTP/1.1" 304 - "http://localhost:3000/" "Mozilla/5.0 (Macintosh; Intel Mac OS X 10_11_1) AppleWebKit/537.36 (KHTML, like Gecko) Chrome/47.0.2526.106 Safari/537.36"
::1 - - [14/Jan/2016:00:12:10 +0000] "GET /vehicle/tank/all/1 HTTP/1.1" 304 - "http://localhost:3000/" "Mozilla/5.0 (Macintosh; Intel Mac OS X 10_11_1) AppleWebKit/537.36 (KHTML, like Gecko) Chrome/47.0.2526.106 Safari/537.36"
::1 - - [14/Jan/2016:00:12:11 +0000] "GET /vehicle/tank/all/1 HTTP/1.1" 304 - "http://localhost:3000/" "Mozilla/5.0 (Macintosh; Intel Mac OS X 10_11_1) AppleWebKit/537.36 (KHTML, like Gecko) Chrome/47.0.2526.106 Safari/537.36"
::1 - - [14/Jan/2016:00:12:12 +0000] "GET /mission/meta/1 HTTP/1.1" 304 - "http://localhost:3000/" "Mozilla/5.0 (Macintosh; Intel Mac OS X 10_11_1) AppleWebKit/537.36 (KHTML, like Gecko) Chrome/47.0.2526.106 Safari/537.36"
::1 - - [14/Jan/2016:00:12:12 +0000] "GET /vehicle/engine/all/1 HTTP/1.1" 304 - "http://localhost:3000/" "Mozilla/5.0 (Macintosh; Intel Mac OS X 10_11_1) AppleWebKit/537.36 (KHTML, like Gecko) Chrome/47.0.2526.106 Safari/537.36"
::1 - - [14/Jan/2016:00:12:12 +0000] "GET /vehicle/tank/all/1 HTTP/1.1" 304 - "http://localhost:3000/" "Mozilla/5.0 (Macintosh; Intel Mac OS X 10_11_1) AppleWebKit/537.36 (KHTML, like Gecko) Chrome/47.0.2526.106 Safari/537.36"
::1 - - [14/Jan/2016:00:12:13 +0000] "GET /vehicle/tank/all/1 HTTP/1.1" 304 - "http://localhost:3000/" "Mozilla/5.0 (Macintosh; Intel Mac OS X 10_11_1) AppleWebKit/537.36 (KHTML, like Gecko) Chrome/47.0.2526.106 Safari/537.36"
::1 - - [14/Jan/2016:00:12:13 +0000] "GET /vehicle/tank/all/1 HTTP/1.1" 304 - "http://localhost:3000/" "Mozilla/5.0 (Macintosh; Intel Mac OS X 10_11_1) AppleWebKit/537.36 (KHTML, like Gecko) Chrome/47.0.2526.106 Safari/537.36"
::1 - - [14/Jan/2016:00:12:14 +0000] "GET /app/engines/engines.html HTTP/1.1" 200 8848 "http://localhost:3000/" "Mozilla/5.0 (Macintosh; Intel Mac OS X 10_11_1) AppleWebKit/537.36 (KHTML, like Gecko) Chrome/47.0.2526.106 Safari/537.36"
::1 - - [14/Jan/2016:00:12:14 +0000] "GET /vehicle/engine/all/1 HTTP/1.1" 304 - "http://localhost:3000/" "Mozilla/5.0 (Macintosh; Intel Mac OS X 10_11_1) AppleWebKit/537.36 (KHTML, like Gecko) Chrome/47.0.2526.106 Safari/537.36"
::1 - - [14/Jan/2016:00:12:14 +0000] "GET /assets/merlin_1D.jpg HTTP/1.1" 200 91398 "http://localhost:3000/" "Mozilla/5.0 (Macintosh; Intel Mac OS X 10_11_1) AppleWebKit/537.36 (KHTML, like Gecko) Chrome/47.0.2526.106 Safari/537.36"
::1 - - [14/Jan/2016:00:12:14 +0000] "GET /vehicle/tank/all/1 HTTP/1.1" 304 - "http://localhost:3000/" "Mozilla/5.0 (Macintosh; Intel Mac OS X 10_11_1) AppleWebKit/537.36 (KHTML, like Gecko) Chrome/47.0.2526.106 Safari/537.36"
::1 - - [14/Jan/2016:00:12:15 +0000] "GET /vehicle/tank/all/1 HTTP/1.1" 304 - "http://localhost:3000/" "Mozilla/5.0 (Macintosh; Intel Mac OS X 10_11_1) AppleWebKit/537.36 (KHTML, like Gecko) Chrome/47.0.2526.106 Safari/537.36"
::1 - - [14/Jan/2016:00:12:16 +0000] "GET /vehicle/tank/all/1 HTTP/1.1" 304 - "http://localhost:3000/" "Mozilla/5.0 (Macintosh; Intel Mac OS X 10_11_1) AppleWebKit/537.36 (KHTML, like Gecko) Chrome/47.0.2526.106 Safari/537.36"
::1 - - [14/Jan/2016:00:12:17 +0000] "GET /mission/meta/1 HTTP/1.1" 304 - "http://localhost:3000/" "Mozilla/5.0 (Macintosh; Intel Mac OS X 10_11_1) AppleWebKit/537.36 (KHTML, like Gecko) Chrome/47.0.2526.106 Safari/537.36"
::1 - - [14/Jan/2016:00:12:17 +0000] "GET /vehicle/engine/all/1 HTTP/1.1" 304 - "http://localhost:3000/" "Mozilla/5.0 (Macintosh; Intel Mac OS X 10_11_1) AppleWebKit/537.36 (KHTML, like Gecko) Chrome/47.0.2526.106 Safari/537.36"
::1 - - [14/Jan/2016:00:12:17 +0000] "GET /vehicle/tank/all/1 HTTP/1.1" 304 - "http://localhost:3000/" "Mozilla/5.0 (Macintosh; Intel Mac OS X 10_11_1) AppleWebKit/537.36 (KHTML, like Gecko) Chrome/47.0.2526.106 Safari/537.36"
::1 - - [14/Jan/2016:00:12:17 +0000] "GET /vehicle/tank/all/1 HTTP/1.1" 304 - "http://localhost:3000/" "Mozilla/5.0 (Macintosh; Intel Mac OS X 10_11_1) AppleWebKit/537.36 (KHTML, like Gecko) Chrome/47.0.2526.106 Safari/537.36"
::1 - - [14/Jan/2016:00:12:18 +0000] "GET /vehicle/engine/all/1 HTTP/1.1" 304 - "http://localhost:3000/" "Mozilla/5.0 (Macintosh; Intel Mac OS X 10_11_1) AppleWebKit/537.36 (KHTML, like Gecko) Chrome/47.0.2526.106 Safari/537.36"
::1 - - [14/Jan/2016:00:12:18 +0000] "GET /vehicle/tank/all/1 HTTP/1.1" 304 - "http://localhost:3000/" "Mozilla/5.0 (Macintosh; Intel Mac OS X 10_11_1) AppleWebKit/537.36 (KHTML, like Gecko) Chrome/47.0.2526.106 Safari/537.36"
::1 - - [14/Jan/2016:00:12:19 +0000] "GET /vehicle/tank/all/1 HTTP/1.1" 304 - "http://localhost:3000/" "Mozilla/5.0 (Macintosh; Intel Mac OS X 10_11_1) AppleWebKit/537.36 (KHTML, like Gecko) Chrome/47.0.2526.106 Safari/537.36"
::1 - - [14/Jan/2016:00:12:20 +0000] "GET /vehicle/tank/all/1 HTTP/1.1" 304 - "http://localhost:3000/" "Mozilla/5.0 (Macintosh; Intel Mac OS X 10_11_1) AppleWebKit/537.36 (KHTML, like Gecko) Chrome/47.0.2526.106 Safari/537.36"
::1 - - [14/Jan/2016:00:12:21 +0000] "GET /vehicle/tank/all/1 HTTP/1.1" 304 - "http://localhost:3000/" "Mozilla/5.0 (Macintosh; Intel Mac OS X 10_11_1) AppleWebKit/537.36 (KHTML, like Gecko) Chrome/47.0.2526.106 Safari/537.36"
::1 - - [14/Jan/2016:00:12:22 +0000] "GET /vehicle/engine/all/1 HTTP/1.1" 304 - "http://localhost:3000/" "Mozilla/5.0 (Macintosh; Intel Mac OS X 10_11_1) AppleWebKit/537.36 (KHTML, like Gecko) Chrome/47.0.2526.106 Safari/537.36"
::1 - - [14/Jan/2016:00:12:22 +0000] "GET /vehicle/tank/all/1 HTTP/1.1" 304 - "http://localhost:3000/" "Mozilla/5.0 (Macintosh; Intel Mac OS X 10_11_1) AppleWebKit/537.36 (KHTML, like Gecko) Chrome/47.0.2526.106 Safari/537.36"
::1 - - [14/Jan/2016:00:12:23 +0000] "GET /vehicle/tank/all/1 HTTP/1.1" 304 - "http://localhost:3000/" "Mozilla/5.0 (Macintosh; Intel Mac OS X 10_11_1) AppleWebKit/537.36 (KHTML, like Gecko) Chrome/47.0.2526.106 Safari/537.36"
::1 - - [14/Jan/2016:00:12:24 +0000] "GET /vehicle/tank/all/1 HTTP/1.1" 304 - "http://localhost:3000/" "Mozilla/5.0 (Macintosh; Intel Mac OS X 10_11_1) AppleWebKit/537.36 (KHTML, like Gecko) Chrome/47.0.2526.106 Safari/537.36"
::1 - - [14/Jan/2016:00:12:25 +0000] "GET /vehicle/tank/all/1 HTTP/1.1" 304 - "http://localhost:3000/" "Mozilla/5.0 (Macintosh; Intel Mac OS X 10_11_1) AppleWebKit/537.36 (KHTML, like Gecko) Chrome/47.0.2526.106 Safari/537.36"
::1 - - [14/Jan/2016:00:12:26 +0000] "GET /vehicle/engine/all/1 HTTP/1.1" 304 - "http://localhost:3000/" "Mozilla/5.0 (Macintosh; Intel Mac OS X 10_11_1) AppleWebKit/537.36 (KHTML, like Gecko) Chrome/47.0.2526.106 Safari/537.36"
::1 - - [14/Jan/2016:00:12:26 +0000] "GET /vehicle/tank/all/1 HTTP/1.1" 304 - "http://localhost:3000/" "Mozilla/5.0 (Macintosh; Intel Mac OS X 10_11_1) AppleWebKit/537.36 (KHTML, like Gecko) Chrome/47.0.2526.106 Safari/537.36"
::1 - - [14/Jan/2016:00:12:27 +0000] "GET /vehicle/tank/all/1 HTTP/1.1" 304 - "http://localhost:3000/" "Mozilla/5.0 (Macintosh; Intel Mac OS X 10_11_1) AppleWebKit/537.36 (KHTML, like Gecko) Chrome/47.0.2526.106 Safari/537.36"
::1 - - [14/Jan/2016:00:12:28 +0000] "GET /vehicle/tank/all/1 HTTP/1.1" 304 - "http://localhost:3000/" "Mozilla/5.0 (Macintosh; Intel Mac OS X 10_11_1) AppleWebKit/537.36 (KHTML, like Gecko) Chrome/47.0.2526.106 Safari/537.36"
::1 - - [14/Jan/2016:00:12:29 +0000] "GET /vehicle/tank/all/1 HTTP/1.1" 304 - "http://localhost:3000/" "Mozilla/5.0 (Macintosh; Intel Mac OS X 10_11_1) AppleWebKit/537.36 (KHTML, like Gecko) Chrome/47.0.2526.106 Safari/537.36"
::1 - - [14/Jan/2016:00:12:30 +0000] "GET /vehicle/engine/all/1 HTTP/1.1" 304 - "http://localhost:3000/" "Mozilla/5.0 (Macintosh; Intel Mac OS X 10_11_1) AppleWebKit/537.36 (KHTML, like Gecko) Chrome/47.0.2526.106 Safari/537.36"
::1 - - [14/Jan/2016:00:12:30 +0000] "GET /vehicle/tank/all/1 HTTP/1.1" 304 - "http://localhost:3000/" "Mozilla/5.0 (Macintosh; Intel Mac OS X 10_11_1) AppleWebKit/537.36 (KHTML, like Gecko) Chrome/47.0.2526.106 Safari/537.36"
::1 - - [14/Jan/2016:00:12:31 +0000] "GET /vehicle/tank/all/1 HTTP/1.1" 304 - "http://localhost:3000/" "Mozilla/5.0 (Macintosh; Intel Mac OS X 10_11_1) AppleWebKit/537.36 (KHTML, like Gecko) Chrome/47.0.2526.106 Safari/537.36"
::1 - - [14/Jan/2016:00:12:32 +0000] "GET /vehicle/tank/all/1 HTTP/1.1" 304 - "http://localhost:3000/" "Mozilla/5.0 (Macintosh; Intel Mac OS X 10_11_1) AppleWebKit/537.36 (KHTML, like Gecko) Chrome/47.0.2526.106 Safari/537.36"
::1 - - [14/Jan/2016:00:12:33 +0000] "GET /vehicle/tank/all/1 HTTP/1.1" 304 - "http://localhost:3000/" "Mozilla/5.0 (Macintosh; Intel Mac OS X 10_11_1) AppleWebKit/537.36 (KHTML, like Gecko) Chrome/47.0.2526.106 Safari/537.36"
::1 - - [14/Jan/2016:00:12:34 +0000] "GET /vehicle/engine/all/1 HTTP/1.1" 304 - "http://localhost:3000/" "Mozilla/5.0 (Macintosh; Intel Mac OS X 10_11_1) AppleWebKit/537.36 (KHTML, like Gecko) Chrome/47.0.2526.106 Safari/537.36"
::1 - - [14/Jan/2016:00:12:34 +0000] "GET /vehicle/tank/all/1 HTTP/1.1" 304 - "http://localhost:3000/" "Mozilla/5.0 (Macintosh; Intel Mac OS X 10_11_1) AppleWebKit/537.36 (KHTML, like Gecko) Chrome/47.0.2526.106 Safari/537.36"
::1 - - [14/Jan/2016:00:12:35 +0000] "GET /vehicle/tank/all/1 HTTP/1.1" 304 - "http://localhost:3000/" "Mozilla/5.0 (Macintosh; Intel Mac OS X 10_11_1) AppleWebKit/537.36 (KHTML, like Gecko) Chrome/47.0.2526.106 Safari/537.36"
::1 - - [14/Jan/2016:00:12:36 +0000] "GET /vehicle/tank/all/1 HTTP/1.1" 304 - "http://localhost:3000/" "Mozilla/5.0 (Macintosh; Intel Mac OS X 10_11_1) AppleWebKit/537.36 (KHTML, like Gecko) Chrome/47.0.2526.106 Safari/537.36"
::1 - - [14/Jan/2016:00:12:37 +0000] "GET /vehicle/tank/all/1 HTTP/1.1" 304 - "http://localhost:3000/" "Mozilla/5.0 (Macintosh; Intel Mac OS X 10_11_1) AppleWebKit/537.36 (KHTML, like Gecko) Chrome/47.0.2526.106 Safari/537.36"
::1 - - [14/Jan/2016:00:12:38 +0000] "GET /vehicle/engine/all/1 HTTP/1.1" 304 - "http://localhost:3000/" "Mozilla/5.0 (Macintosh; Intel Mac OS X 10_11_1) AppleWebKit/537.36 (KHTML, like Gecko) Chrome/47.0.2526.106 Safari/537.36"
::1 - - [14/Jan/2016:00:12:38 +0000] "GET /vehicle/tank/all/1 HTTP/1.1" 304 - "http://localhost:3000/" "Mozilla/5.0 (Macintosh; Intel Mac OS X 10_11_1) AppleWebKit/537.36 (KHTML, like Gecko) Chrome/47.0.2526.106 Safari/537.36"
::1 - - [14/Jan/2016:00:12:39 +0000] "GET /vehicle/tank/all/1 HTTP/1.1" 304 - "http://localhost:3000/" "Mozilla/5.0 (Macintosh; Intel Mac OS X 10_11_1) AppleWebKit/537.36 (KHTML, like Gecko) Chrome/47.0.2526.106 Safari/537.36"
::1 - - [14/Jan/2016:00:12:40 +0000] "GET /vehicle/tank/all/1 HTTP/1.1" 304 - "http://localhost:3000/" "Mozilla/5.0 (Macintosh; Intel Mac OS X 10_11_1) AppleWebKit/537.36 (KHTML, like Gecko) Chrome/47.0.2526.106 Safari/537.36"
::1 - - [14/Jan/2016:00:12:41 +0000] "GET /vehicle/tank/all/1 HTTP/1.1" 304 - "http://localhost:3000/" "Mozilla/5.0 (Macintosh; Intel Mac OS X 10_11_1) AppleWebKit/537.36 (KHTML, like Gecko) Chrome/47.0.2526.106 Safari/537.36"
::1 - - [14/Jan/2016:00:12:42 +0000] "GET /vehicle/engine/all/1 HTTP/1.1" 304 - "http://localhost:3000/" "Mozilla/5.0 (Macintosh; Intel Mac OS X 10_11_1) AppleWebKit/537.36 (KHTML, like Gecko) Chrome/47.0.2526.106 Safari/537.36"
::1 - - [14/Jan/2016:00:12:42 +0000] "GET /vehicle/tank/all/1 HTTP/1.1" 304 - "http://localhost:3000/" "Mozilla/5.0 (Macintosh; Intel Mac OS X 10_11_1) AppleWebKit/537.36 (KHTML, like Gecko) Chrome/47.0.2526.106 Safari/537.36"
::1 - - [14/Jan/2016:00:12:43 +0000] "GET /vehicle/tank/all/1 HTTP/1.1" 304 - "http://localhost:3000/" "Mozilla/5.0 (Macintosh; Intel Mac OS X 10_11_1) AppleWebKit/537.36 (KHTML, like Gecko) Chrome/47.0.2526.106 Safari/537.36"
::1 - - [14/Jan/2016:00:12:44 +0000] "GET /vehicle/tank/all/1 HTTP/1.1" 304 - "http://localhost:3000/" "Mozilla/5.0 (Macintosh; Intel Mac OS X 10_11_1) AppleWebKit/537.36 (KHTML, like Gecko) Chrome/47.0.2526.106 Safari/537.36"
::1 - - [14/Jan/2016:00:12:45 +0000] "GET /vehicle/tank/all/1 HTTP/1.1" 304 - "http://localhost:3000/" "Mozilla/5.0 (Macintosh; Intel Mac OS X 10_11_1) AppleWebKit/537.36 (KHTML, like Gecko) Chrome/47.0.2526.106 Safari/537.36"
::1 - - [14/Jan/2016:00:12:46 +0000] "GET /vehicle/engine/all/1 HTTP/1.1" 304 - "http://localhost:3000/" "Mozilla/5.0 (Macintosh; Intel Mac OS X 10_11_1) AppleWebKit/537.36 (KHTML, like Gecko) Chrome/47.0.2526.106 Safari/537.36"
::1 - - [14/Jan/2016:00:12:46 +0000] "GET /vehicle/tank/all/1 HTTP/1.1" 304 - "http://localhost:3000/" "Mozilla/5.0 (Macintosh; Intel Mac OS X 10_11_1) AppleWebKit/537.36 (KHTML, like Gecko) Chrome/47.0.2526.106 Safari/537.36"
::1 - - [14/Jan/2016:00:12:47 +0000] "GET /vehicle/tank/all/1 HTTP/1.1" 304 - "http://localhost:3000/" "Mozilla/5.0 (Macintosh; Intel Mac OS X 10_11_1) AppleWebKit/537.36 (KHTML, like Gecko) Chrome/47.0.2526.106 Safari/537.36"
::1 - - [14/Jan/2016:00:12:48 +0000] "GET /vehicle/tank/all/1 HTTP/1.1" 304 - "http://localhost:3000/" "Mozilla/5.0 (Macintosh; Intel Mac OS X 10_11_1) AppleWebKit/537.36 (KHTML, like Gecko) Chrome/47.0.2526.106 Safari/537.36"
::1 - - [14/Jan/2016:00:12:49 +0000] "GET /vehicle/tank/all/1 HTTP/1.1" 304 - "http://localhost:3000/" "Mozilla/5.0 (Macintosh; Intel Mac OS X 10_11_1) AppleWebKit/537.36 (KHTML, like Gecko) Chrome/47.0.2526.106 Safari/537.36"
::1 - - [14/Jan/2016:00:12:50 +0000] "GET /vehicle/engine/all/1 HTTP/1.1" 304 - "http://localhost:3000/" "Mozilla/5.0 (Macintosh; Intel Mac OS X 10_11_1) AppleWebKit/537.36 (KHTML, like Gecko) Chrome/47.0.2526.106 Safari/537.36"
::1 - - [14/Jan/2016:00:12:50 +0000] "GET /vehicle/tank/all/1 HTTP/1.1" 304 - "http://localhost:3000/" "Mozilla/5.0 (Macintosh; Intel Mac OS X 10_11_1) AppleWebKit/537.36 (KHTML, like Gecko) Chrome/47.0.2526.106 Safari/537.36"
::1 - - [14/Jan/2016:00:12:51 +0000] "GET /vehicle/tank/all/1 HTTP/1.1" 304 - "http://localhost:3000/" "Mozilla/5.0 (Macintosh; Intel Mac OS X 10_11_1) AppleWebKit/537.36 (KHTML, like Gecko) Chrome/47.0.2526.106 Safari/537.36"
::1 - - [14/Jan/2016:00:12:52 +0000] "GET /vehicle/tank/all/1 HTTP/1.1" 304 - "http://localhost:3000/" "Mozilla/5.0 (Macintosh; Intel Mac OS X 10_11_1) AppleWebKit/537.36 (KHTML, like Gecko) Chrome/47.0.2526.106 Safari/537.36"
::1 - - [14/Jan/2016:00:12:53 +0000] "GET /vehicle/tank/all/1 HTTP/1.1" 304 - "http://localhost:3000/" "Mozilla/5.0 (Macintosh; Intel Mac OS X 10_11_1) AppleWebKit/537.36 (KHTML, like Gecko) Chrome/47.0.2526.106 Safari/537.36"
::1 - - [14/Jan/2016:00:12:54 +0000] "GET /vehicle/engine/all/1 HTTP/1.1" 304 - "http://localhost:3000/" "Mozilla/5.0 (Macintosh; Intel Mac OS X 10_11_1) AppleWebKit/537.36 (KHTML, like Gecko) Chrome/47.0.2526.106 Safari/537.36"
::1 - - [14/Jan/2016:00:12:54 +0000] "GET /vehicle/tank/all/1 HTTP/1.1" 304 - "http://localhost:3000/" "Mozilla/5.0 (Macintosh; Intel Mac OS X 10_11_1) AppleWebKit/537.36 (KHTML, like Gecko) Chrome/47.0.2526.106 Safari/537.36"
::1 - - [14/Jan/2016:00:12:55 +0000] "GET /vehicle/tank/all/1 HTTP/1.1" 304 - "http://localhost:3000/" "Mozilla/5.0 (Macintosh; Intel Mac OS X 10_11_1) AppleWebKit/537.36 (KHTML, like Gecko) Chrome/47.0.2526.106 Safari/537.36"
::1 - - [14/Jan/2016:00:12:56 +0000] "GET /vehicle/tank/all/1 HTTP/1.1" 304 - "http://localhost:3000/" "Mozilla/5.0 (Macintosh; Intel Mac OS X 10_11_1) AppleWebKit/537.36 (KHTML, like Gecko) Chrome/47.0.2526.106 Safari/537.36"
::1 - - [14/Jan/2016:00:12:57 +0000] "GET /vehicle/tank/all/1 HTTP/1.1" 304 - "http://localhost:3000/" "Mozilla/5.0 (Macintosh; Intel Mac OS X 10_11_1) AppleWebKit/537.36 (KHTML, like Gecko) Chrome/47.0.2526.106 Safari/537.36"
::1 - - [14/Jan/2016:00:12:58 +0000] "GET /vehicle/engine/all/1 HTTP/1.1" 304 - "http://localhost:3000/" "Mozilla/5.0 (Macintosh; Intel Mac OS X 10_11_1) AppleWebKit/537.36 (KHTML, like Gecko) Chrome/47.0.2526.106 Safari/537.36"
::1 - - [14/Jan/2016:00:12:58 +0000] "GET /vehicle/tank/all/1 HTTP/1.1" 304 - "http://localhost:3000/" "Mozilla/5.0 (Macintosh; Intel Mac OS X 10_11_1) AppleWebKit/537.36 (KHTML, like Gecko) Chrome/47.0.2526.106 Safari/537.36"
::1 - - [14/Jan/2016:00:12:59 +0000] "GET /vehicle/tank/all/1 HTTP/1.1" 304 - "http://localhost:3000/" "Mozilla/5.0 (Macintosh; Intel Mac OS X 10_11_1) AppleWebKit/537.36 (KHTML, like Gecko) Chrome/47.0.2526.106 Safari/537.36"
::1 - - [14/Jan/2016:00:13:00 +0000] "GET /vehicle/tank/all/1 HTTP/1.1" 304 - "http://localhost:3000/" "Mozilla/5.0 (Macintosh; Intel Mac OS X 10_11_1) AppleWebKit/537.36 (KHTML, like Gecko) Chrome/47.0.2526.106 Safari/537.36"
::1 - - [14/Jan/2016:00:13:01 +0000] "GET /vehicle/tank/all/1 HTTP/1.1" 304 - "http://localhost:3000/" "Mozilla/5.0 (Macintosh; Intel Mac OS X 10_11_1) AppleWebKit/537.36 (KHTML, like Gecko) Chrome/47.0.2526.106 Safari/537.36"
::1 - - [14/Jan/2016:00:13:02 +0000] "GET /vehicle/engine/all/1 HTTP/1.1" 304 - "http://localhost:3000/" "Mozilla/5.0 (Macintosh; Intel Mac OS X 10_11_1) AppleWebKit/537.36 (KHTML, like Gecko) Chrome/47.0.2526.106 Safari/537.36"
::1 - - [14/Jan/2016:00:13:02 +0000] "GET /vehicle/tank/all/1 HTTP/1.1" 304 - "http://localhost:3000/" "Mozilla/5.0 (Macintosh; Intel Mac OS X 10_11_1) AppleWebKit/537.36 (KHTML, like Gecko) Chrome/47.0.2526.106 Safari/537.36"
::1 - - [14/Jan/2016:00:13:03 +0000] "GET /vehicle/tank/all/1 HTTP/1.1" 304 - "http://localhost:3000/" "Mozilla/5.0 (Macintosh; Intel Mac OS X 10_11_1) AppleWebKit/537.36 (KHTML, like Gecko) Chrome/47.0.2526.106 Safari/537.36"
::1 - - [14/Jan/2016:00:13:04 +0000] "GET /vehicle/tank/all/1 HTTP/1.1" 304 - "http://localhost:3000/" "Mozilla/5.0 (Macintosh; Intel Mac OS X 10_11_1) AppleWebKit/537.36 (KHTML, like Gecko) Chrome/47.0.2526.106 Safari/537.36"
::1 - - [14/Jan/2016:00:13:05 +0000] "GET /vehicle/tank/all/1 HTTP/1.1" 304 - "http://localhost:3000/" "Mozilla/5.0 (Macintosh; Intel Mac OS X 10_11_1) AppleWebKit/537.36 (KHTML, like Gecko) Chrome/47.0.2526.106 Safari/537.36"
::1 - - [14/Jan/2016:00:13:06 +0000] "GET /vehicle/engine/all/1 HTTP/1.1" 304 - "http://localhost:3000/" "Mozilla/5.0 (Macintosh; Intel Mac OS X 10_11_1) AppleWebKit/537.36 (KHTML, like Gecko) Chrome/47.0.2526.106 Safari/537.36"
::1 - - [14/Jan/2016:00:13:06 +0000] "GET /vehicle/tank/all/1 HTTP/1.1" 304 - "http://localhost:3000/" "Mozilla/5.0 (Macintosh; Intel Mac OS X 10_11_1) AppleWebKit/537.36 (KHTML, like Gecko) Chrome/47.0.2526.106 Safari/537.36"
::1 - - [14/Jan/2016:00:13:07 +0000] "GET /vehicle/tank/all/1 HTTP/1.1" 304 - "http://localhost:3000/" "Mozilla/5.0 (Macintosh; Intel Mac OS X 10_11_1) AppleWebKit/537.36 (KHTML, like Gecko) Chrome/47.0.2526.106 Safari/537.36"
::1 - - [14/Jan/2016:00:13:08 +0000] "GET /vehicle/tank/all/1 HTTP/1.1" 304 - "http://localhost:3000/" "Mozilla/5.0 (Macintosh; Intel Mac OS X 10_11_1) AppleWebKit/537.36 (KHTML, like Gecko) Chrome/47.0.2526.106 Safari/537.36"
::1 - - [14/Jan/2016:00:13:09 +0000] "GET /vehicle/tank/all/1 HTTP/1.1" 304 - "http://localhost:3000/" "Mozilla/5.0 (Macintosh; Intel Mac OS X 10_11_1) AppleWebKit/537.36 (KHTML, like Gecko) Chrome/47.0.2526.106 Safari/537.36"
::1 - - [14/Jan/2016:00:13:10 +0000] "GET /vehicle/engine/all/1 HTTP/1.1" 304 - "http://localhost:3000/" "Mozilla/5.0 (Macintosh; Intel Mac OS X 10_11_1) AppleWebKit/537.36 (KHTML, like Gecko) Chrome/47.0.2526.106 Safari/537.36"
::1 - - [14/Jan/2016:00:13:10 +0000] "GET /vehicle/tank/all/1 HTTP/1.1" 304 - "http://localhost:3000/" "Mozilla/5.0 (Macintosh; Intel Mac OS X 10_11_1) AppleWebKit/537.36 (KHTML, like Gecko) Chrome/47.0.2526.106 Safari/537.36"
::1 - - [14/Jan/2016:00:13:11 +0000] "GET /vehicle/tank/all/1 HTTP/1.1" 304 - "http://localhost:3000/" "Mozilla/5.0 (Macintosh; Intel Mac OS X 10_11_1) AppleWebKit/537.36 (KHTML, like Gecko) Chrome/47.0.2526.106 Safari/537.36"
::1 - - [14/Jan/2016:00:13:12 +0000] "GET /vehicle/tank/all/1 HTTP/1.1" 304 - "http://localhost:3000/" "Mozilla/5.0 (Macintosh; Intel Mac OS X 10_11_1) AppleWebKit/537.36 (KHTML, like Gecko) Chrome/47.0.2526.106 Safari/537.36"
::1 - - [14/Jan/2016:00:13:13 +0000] "GET /vehicle/tank/all/1 HTTP/1.1" 304 - "http://localhost:3000/" "Mozilla/5.0 (Macintosh; Intel Mac OS X 10_11_1) AppleWebKit/537.36 (KHTML, like Gecko) Chrome/47.0.2526.106 Safari/537.36"
::1 - - [14/Jan/2016:00:13:14 +0000] "GET /vehicle/engine/all/1 HTTP/1.1" 304 - "http://localhost:3000/" "Mozilla/5.0 (Macintosh; Intel Mac OS X 10_11_1) AppleWebKit/537.36 (KHTML, like Gecko) Chrome/47.0.2526.106 Safari/537.36"
::1 - - [14/Jan/2016:00:13:14 +0000] "GET /vehicle/tank/all/1 HTTP/1.1" 304 - "http://localhost:3000/" "Mozilla/5.0 (Macintosh; Intel Mac OS X 10_11_1) AppleWebKit/537.36 (KHTML, like Gecko) Chrome/47.0.2526.106 Safari/537.36"
::1 - - [14/Jan/2016:00:13:15 +0000] "GET /vehicle/tank/all/1 HTTP/1.1" 304 - "http://localhost:3000/" "Mozilla/5.0 (Macintosh; Intel Mac OS X 10_11_1) AppleWebKit/537.36 (KHTML, like Gecko) Chrome/47.0.2526.106 Safari/537.36"
::1 - - [14/Jan/2016:00:13:16 +0000] "GET /vehicle/tank/all/1 HTTP/1.1" 304 - "http://localhost:3000/" "Mozilla/5.0 (Macintosh; Intel Mac OS X 10_11_1) AppleWebKit/537.36 (KHTML, like Gecko) Chrome/47.0.2526.106 Safari/537.36"
::1 - - [14/Jan/2016:00:13:17 +0000] "GET /vehicle/tank/all/1 HTTP/1.1" 304 - "http://localhost:3000/" "Mozilla/5.0 (Macintosh; Intel Mac OS X 10_11_1) AppleWebKit/537.36 (KHTML, like Gecko) Chrome/47.0.2526.106 Safari/537.36"
::1 - - [14/Jan/2016:00:13:18 +0000] "GET /vehicle/engine/all/1 HTTP/1.1" 304 - "http://localhost:3000/" "Mozilla/5.0 (Macintosh; Intel Mac OS X 10_11_1) AppleWebKit/537.36 (KHTML, like Gecko) Chrome/47.0.2526.106 Safari/537.36"
::1 - - [14/Jan/2016:00:13:18 +0000] "GET /vehicle/tank/all/1 HTTP/1.1" 304 - "http://localhost:3000/" "Mozilla/5.0 (Macintosh; Intel Mac OS X 10_11_1) AppleWebKit/537.36 (KHTML, like Gecko) Chrome/47.0.2526.106 Safari/537.36"
::1 - - [14/Jan/2016:00:13:19 +0000] "GET /vehicle/tank/all/1 HTTP/1.1" 304 - "http://localhost:3000/" "Mozilla/5.0 (Macintosh; Intel Mac OS X 10_11_1) AppleWebKit/537.36 (KHTML, like Gecko) Chrome/47.0.2526.106 Safari/537.36"
::1 - - [14/Jan/2016:00:13:20 +0000] "GET /vehicle/tank/all/1 HTTP/1.1" 304 - "http://localhost:3000/" "Mozilla/5.0 (Macintosh; Intel Mac OS X 10_11_1) AppleWebKit/537.36 (KHTML, like Gecko) Chrome/47.0.2526.106 Safari/537.36"
::1 - - [14/Jan/2016:00:13:21 +0000] "GET /vehicle/tank/all/1 HTTP/1.1" 304 - "http://localhost:3000/" "Mozilla/5.0 (Macintosh; Intel Mac OS X 10_11_1) AppleWebKit/537.36 (KHTML, like Gecko) Chrome/47.0.2526.106 Safari/537.36"
::1 - - [14/Jan/2016:00:13:22 +0000] "GET /vehicle/engine/all/1 HTTP/1.1" 304 - "http://localhost:3000/" "Mozilla/5.0 (Macintosh; Intel Mac OS X 10_11_1) AppleWebKit/537.36 (KHTML, like Gecko) Chrome/47.0.2526.106 Safari/537.36"
::1 - - [14/Jan/2016:00:13:22 +0000] "GET /vehicle/tank/all/1 HTTP/1.1" 304 - "http://localhost:3000/" "Mozilla/5.0 (Macintosh; Intel Mac OS X 10_11_1) AppleWebKit/537.36 (KHTML, like Gecko) Chrome/47.0.2526.106 Safari/537.36"
::1 - - [14/Jan/2016:03:15:30 +0000] "GET / HTTP/1.1" 304 - "-" "Mozilla/5.0 (Macintosh; Intel Mac OS X 10_11_1) AppleWebKit/537.36 (KHTML, like Gecko) Chrome/47.0.2526.106 Safari/537.36"
::1 - - [14/Jan/2016:03:15:30 +0000] "GET /styles/styles.css HTTP/1.1" 304 - "http://localhost:3000/" "Mozilla/5.0 (Macintosh; Intel Mac OS X 10_11_1) AppleWebKit/537.36 (KHTML, like Gecko) Chrome/47.0.2526.106 Safari/537.36"
::1 - - [14/Jan/2016:03:15:30 +0000] "GET /dist/dependencies.min.js HTTP/1.1" 304 - "http://localhost:3000/" "Mozilla/5.0 (Macintosh; Intel Mac OS X 10_11_1) AppleWebKit/537.36 (KHTML, like Gecko) Chrome/47.0.2526.106 Safari/537.36"
::1 - - [14/Jan/2016:03:15:30 +0000] "GET /app/app.js HTTP/1.1" 304 - "http://localhost:3000/" "Mozilla/5.0 (Macintosh; Intel Mac OS X 10_11_1) AppleWebKit/537.36 (KHTML, like Gecko) Chrome/47.0.2526.106 Safari/537.36"
::1 - - [14/Jan/2016:03:15:30 +0000] "GET /app/route-config.js HTTP/1.1" 304 - "http://localhost:3000/" "Mozilla/5.0 (Macintosh; Intel Mac OS X 10_11_1) AppleWebKit/537.36 (KHTML, like Gecko) Chrome/47.0.2526.106 Safari/537.36"
::1 - - [14/Jan/2016:03:15:30 +0000] "GET /app/auth/auth.controller.js HTTP/1.1" 304 - "http://localhost:3000/" "Mozilla/5.0 (Macintosh; Intel Mac OS X 10_11_1) AppleWebKit/537.36 (KHTML, like Gecko) Chrome/47.0.2526.106 Safari/537.36"
::1 - - [14/Jan/2016:03:15:30 +0000] "GET /app/craft/craft.controller.js HTTP/1.1" 304 - "http://localhost:3000/" "Mozilla/5.0 (Macintosh; Intel Mac OS X 10_11_1) AppleWebKit/537.36 (KHTML, like Gecko) Chrome/47.0.2526.106 Safari/537.36"
::1 - - [14/Jan/2016:03:15:30 +0000] "GET /app/mission/mission.controller.js HTTP/1.1" 304 - "http://localhost:3000/" "Mozilla/5.0 (Macintosh; Intel Mac OS X 10_11_1) AppleWebKit/537.36 (KHTML, like Gecko) Chrome/47.0.2526.106 Safari/537.36"
::1 - - [14/Jan/2016:03:15:30 +0000] "GET /app/stage1/stage1.controller.js HTTP/1.1" 304 - "http://localhost:3000/" "Mozilla/5.0 (Macintosh; Intel Mac OS X 10_11_1) AppleWebKit/537.36 (KHTML, like Gecko) Chrome/47.0.2526.106 Safari/537.36"
::1 - - [14/Jan/2016:03:15:30 +0000] "GET /app/stage2/stage2.controller.js HTTP/1.1" 304 - "http://localhost:3000/" "Mozilla/5.0 (Macintosh; Intel Mac OS X 10_11_1) AppleWebKit/537.36 (KHTML, like Gecko) Chrome/47.0.2526.106 Safari/537.36"
::1 - - [14/Jan/2016:03:15:30 +0000] "GET /app/orbit/orbit.controller.js HTTP/1.1" 304 - "http://localhost:3000/" "Mozilla/5.0 (Macintosh; Intel Mac OS X 10_11_1) AppleWebKit/537.36 (KHTML, like Gecko) Chrome/47.0.2526.106 Safari/537.36"
::1 - - [14/Jan/2016:03:15:30 +0000] "GET /app/engines/engines.controller.js HTTP/1.1" 304 - "http://localhost:3000/" "Mozilla/5.0 (Macintosh; Intel Mac OS X 10_11_1) AppleWebKit/537.36 (KHTML, like Gecko) Chrome/47.0.2526.106 Safari/537.36"
::1 - - [14/Jan/2016:03:15:30 +0000] "GET /app/tanks/tanks.controller.js HTTP/1.1" 304 - "http://localhost:3000/" "Mozilla/5.0 (Macintosh; Intel Mac OS X 10_11_1) AppleWebKit/537.36 (KHTML, like Gecko) Chrome/47.0.2526.106 Safari/537.36"
::1 - - [14/Jan/2016:03:15:30 +0000] "GET /app/services/auth.service.js HTTP/1.1" 304 - "http://localhost:3000/" "Mozilla/5.0 (Macintosh; Intel Mac OS X 10_11_1) AppleWebKit/537.36 (KHTML, like Gecko) Chrome/47.0.2526.106 Safari/537.36"
::1 - - [14/Jan/2016:03:15:30 +0000] "GET /app/services/mission.service.js HTTP/1.1" 304 - "http://localhost:3000/" "Mozilla/5.0 (Macintosh; Intel Mac OS X 10_11_1) AppleWebKit/537.36 (KHTML, like Gecko) Chrome/47.0.2526.106 Safari/537.36"
::1 - - [14/Jan/2016:03:15:30 +0000] "GET /app/services/vehicle.service.js HTTP/1.1" 304 - "http://localhost:3000/" "Mozilla/5.0 (Macintosh; Intel Mac OS X 10_11_1) AppleWebKit/537.36 (KHTML, like Gecko) Chrome/47.0.2526.106 Safari/537.36"
::1 - - [14/Jan/2016:03:15:30 +0000] "GET /app/services/spacecraft.service.js HTTP/1.1" 304 - "http://localhost:3000/" "Mozilla/5.0 (Macintosh; Intel Mac OS X 10_11_1) AppleWebKit/537.36 (KHTML, like Gecko) Chrome/47.0.2526.106 Safari/537.36"
::1 - - [14/Jan/2016:03:15:30 +0000] "GET /app/auth/signin.html HTTP/1.1" 304 - "http://localhost:3000/" "Mozilla/5.0 (Macintosh; Intel Mac OS X 10_11_1) AppleWebKit/537.36 (KHTML, like Gecko) Chrome/47.0.2526.106 Safari/537.36"
::1 - - [14/Jan/2016:03:15:34 +0000] "POST /auth/signin HTTP/1.1" 200 181 "http://localhost:3000/" "Mozilla/5.0 (Macintosh; Intel Mac OS X 10_11_1) AppleWebKit/537.36 (KHTML, like Gecko) Chrome/47.0.2526.106 Safari/537.36"
::1 - - [14/Jan/2016:03:15:34 +0000] "GET /app/mission/mission.html HTTP/1.1" 304 - "http://localhost:3000/" "Mozilla/5.0 (Macintosh; Intel Mac OS X 10_11_1) AppleWebKit/537.36 (KHTML, like Gecko) Chrome/47.0.2526.106 Safari/537.36"
::1 - - [14/Jan/2016:03:15:34 +0000] "GET /mission/meta/1 HTTP/1.1" 304 - "http://localhost:3000/" "Mozilla/5.0 (Macintosh; Intel Mac OS X 10_11_1) AppleWebKit/537.36 (KHTML, like Gecko) Chrome/47.0.2526.106 Safari/537.36"
::1 - - [14/Jan/2016:03:15:34 +0000] "GET /vehicle/engine/all/1 HTTP/1.1" 304 - "http://localhost:3000/" "Mozilla/5.0 (Macintosh; Intel Mac OS X 10_11_1) AppleWebKit/537.36 (KHTML, like Gecko) Chrome/47.0.2526.106 Safari/537.36"
::1 - - [14/Jan/2016:03:15:34 +0000] "GET /vehicle/tank/all/1 HTTP/1.1" 304 - "http://localhost:3000/" "Mozilla/5.0 (Macintosh; Intel Mac OS X 10_11_1) AppleWebKit/537.36 (KHTML, like Gecko) Chrome/47.0.2526.106 Safari/537.36"
::1 - - [14/Jan/2016:03:15:34 +0000] "GET /assets/F9.png HTTP/1.1" 304 - "http://localhost:3000/" "Mozilla/5.0 (Macintosh; Intel Mac OS X 10_11_1) AppleWebKit/537.36 (KHTML, like Gecko) Chrome/47.0.2526.106 Safari/537.36"
::1 - - [14/Jan/2016:03:15:35 +0000] "GET /assets/earth_3.jpg HTTP/1.1" 304 - "http://localhost:3000/" "Mozilla/5.0 (Macintosh; Intel Mac OS X 10_11_1) AppleWebKit/537.36 (KHTML, like Gecko) Chrome/47.0.2526.106 Safari/537.36"
::1 - - [14/Jan/2016:03:15:35 +0000] "GET /assets/earth_bump.jpg HTTP/1.1" 304 - "http://localhost:3000/" "Mozilla/5.0 (Macintosh; Intel Mac OS X 10_11_1) AppleWebKit/537.36 (KHTML, like Gecko) Chrome/47.0.2526.106 Safari/537.36"
::1 - - [14/Jan/2016:03:15:35 +0000] "GET /assets/galaxy_starfield.png HTTP/1.1" 304 - "http://localhost:3000/" "Mozilla/5.0 (Macintosh; Intel Mac OS X 10_11_1) AppleWebKit/537.36 (KHTML, like Gecko) Chrome/47.0.2526.106 Safari/537.36"
::1 - - [14/Jan/2016:03:15:57 +0000] "GET /app/orbit/orbit.html HTTP/1.1" 304 - "http://localhost:3000/" "Mozilla/5.0 (Macintosh; Intel Mac OS X 10_11_1) AppleWebKit/537.36 (KHTML, like Gecko) Chrome/47.0.2526.106 Safari/537.36"
::1 - - [14/Jan/2016:03:15:57 +0000] "GET /mission/meta/1 HTTP/1.1" 304 - "http://localhost:3000/" "Mozilla/5.0 (Macintosh; Intel Mac OS X 10_11_1) AppleWebKit/537.36 (KHTML, like Gecko) Chrome/47.0.2526.106 Safari/537.36"
::1 - - [14/Jan/2016:03:15:57 +0000] "GET /assets/earthcloudmaptrans.jpg HTTP/1.1" 304 - "http://localhost:3000/" "Mozilla/5.0 (Macintosh; Intel Mac OS X 10_11_1) AppleWebKit/537.36 (KHTML, like Gecko) Chrome/47.0.2526.106 Safari/537.36"
::1 - - [14/Jan/2016:03:16:16 +0000] "GET /mission/meta/1 HTTP/1.1" 304 - "http://localhost:3000/" "Mozilla/5.0 (Macintosh; Intel Mac OS X 10_11_1) AppleWebKit/537.36 (KHTML, like Gecko) Chrome/47.0.2526.106 Safari/537.36"
::1 - - [14/Jan/2016:03:16:16 +0000] "GET /vehicle/engine/all/1 HTTP/1.1" 304 - "http://localhost:3000/" "Mozilla/5.0 (Macintosh; Intel Mac OS X 10_11_1) AppleWebKit/537.36 (KHTML, like Gecko) Chrome/47.0.2526.106 Safari/537.36"
::1 - - [14/Jan/2016:03:16:16 +0000] "GET /vehicle/tank/all/1 HTTP/1.1" 304 - "http://localhost:3000/" "Mozilla/5.0 (Macintosh; Intel Mac OS X 10_11_1) AppleWebKit/537.36 (KHTML, like Gecko) Chrome/47.0.2526.106 Safari/537.36"
::1 - - [14/Jan/2016:03:16:18 +0000] "GET /app/tanks/tanks.html HTTP/1.1" 304 - "http://localhost:3000/" "Mozilla/5.0 (Macintosh; Intel Mac OS X 10_11_1) AppleWebKit/537.36 (KHTML, like Gecko) Chrome/47.0.2526.106 Safari/537.36"
::1 - - [14/Jan/2016:03:16:18 +0000] "GET /vehicle/tank/all/1 HTTP/1.1" 304 - "http://localhost:3000/" "Mozilla/5.0 (Macintosh; Intel Mac OS X 10_11_1) AppleWebKit/537.36 (KHTML, like Gecko) Chrome/47.0.2526.106 Safari/537.36"
::1 - - [14/Jan/2016:03:16:19 +0000] "GET /vehicle/tank/all/1 HTTP/1.1" 304 - "http://localhost:3000/" "Mozilla/5.0 (Macintosh; Intel Mac OS X 10_11_1) AppleWebKit/537.36 (KHTML, like Gecko) Chrome/47.0.2526.106 Safari/537.36"
::1 - - [14/Jan/2016:03:16:20 +0000] "GET /vehicle/tank/all/1 HTTP/1.1" 304 - "http://localhost:3000/" "Mozilla/5.0 (Macintosh; Intel Mac OS X 10_11_1) AppleWebKit/537.36 (KHTML, like Gecko) Chrome/47.0.2526.106 Safari/537.36"
::1 - - [14/Jan/2016:03:16:21 +0000] "GET /vehicle/tank/all/1 HTTP/1.1" 304 - "http://localhost:3000/" "Mozilla/5.0 (Macintosh; Intel Mac OS X 10_11_1) AppleWebKit/537.36 (KHTML, like Gecko) Chrome/47.0.2526.106 Safari/537.36"
::1 - - [14/Jan/2016:03:16:22 +0000] "GET /vehicle/tank/all/1 HTTP/1.1" 304 - "http://localhost:3000/" "Mozilla/5.0 (Macintosh; Intel Mac OS X 10_11_1) AppleWebKit/537.36 (KHTML, like Gecko) Chrome/47.0.2526.106 Safari/537.36"
::1 - - [14/Jan/2016:03:16:23 +0000] "GET /vehicle/tank/all/1 HTTP/1.1" 304 - "http://localhost:3000/" "Mozilla/5.0 (Macintosh; Intel Mac OS X 10_11_1) AppleWebKit/537.36 (KHTML, like Gecko) Chrome/47.0.2526.106 Safari/537.36"
::1 - - [14/Jan/2016:03:16:24 +0000] "GET /vehicle/tank/all/1 HTTP/1.1" 304 - "http://localhost:3000/" "Mozilla/5.0 (Macintosh; Intel Mac OS X 10_11_1) AppleWebKit/537.36 (KHTML, like Gecko) Chrome/47.0.2526.106 Safari/537.36"
::1 - - [14/Jan/2016:03:16:25 +0000] "GET /vehicle/tank/all/1 HTTP/1.1" 304 - "http://localhost:3000/" "Mozilla/5.0 (Macintosh; Intel Mac OS X 10_11_1) AppleWebKit/537.36 (KHTML, like Gecko) Chrome/47.0.2526.106 Safari/537.36"
::1 - - [14/Jan/2016:03:16:26 +0000] "GET /vehicle/tank/all/1 HTTP/1.1" 304 - "http://localhost:3000/" "Mozilla/5.0 (Macintosh; Intel Mac OS X 10_11_1) AppleWebKit/537.36 (KHTML, like Gecko) Chrome/47.0.2526.106 Safari/537.36"
::1 - - [14/Jan/2016:03:16:27 +0000] "GET /mission/meta/1 HTTP/1.1" 304 - "http://localhost:3000/" "Mozilla/5.0 (Macintosh; Intel Mac OS X 10_11_1) AppleWebKit/537.36 (KHTML, like Gecko) Chrome/47.0.2526.106 Safari/537.36"
::1 - - [14/Jan/2016:03:16:27 +0000] "GET /vehicle/engine/all/1 HTTP/1.1" 304 - "http://localhost:3000/" "Mozilla/5.0 (Macintosh; Intel Mac OS X 10_11_1) AppleWebKit/537.36 (KHTML, like Gecko) Chrome/47.0.2526.106 Safari/537.36"
::1 - - [14/Jan/2016:03:16:27 +0000] "GET /vehicle/tank/all/1 HTTP/1.1" 304 - "http://localhost:3000/" "Mozilla/5.0 (Macintosh; Intel Mac OS X 10_11_1) AppleWebKit/537.36 (KHTML, like Gecko) Chrome/47.0.2526.106 Safari/537.36"
::1 - - [14/Jan/2016:03:16:27 +0000] "GET /vehicle/tank/all/1 HTTP/1.1" 304 - "http://localhost:3000/" "Mozilla/5.0 (Macintosh; Intel Mac OS X 10_11_1) AppleWebKit/537.36 (KHTML, like Gecko) Chrome/47.0.2526.106 Safari/537.36"
::1 - - [14/Jan/2016:03:16:28 +0000] "GET /vehicle/tank/all/1 HTTP/1.1" 304 - "http://localhost:3000/" "Mozilla/5.0 (Macintosh; Intel Mac OS X 10_11_1) AppleWebKit/537.36 (KHTML, like Gecko) Chrome/47.0.2526.106 Safari/537.36"
::1 - - [14/Jan/2016:03:16:28 +0000] "GET /app/engines/engines.html HTTP/1.1" 304 - "http://localhost:3000/" "Mozilla/5.0 (Macintosh; Intel Mac OS X 10_11_1) AppleWebKit/537.36 (KHTML, like Gecko) Chrome/47.0.2526.106 Safari/537.36"
::1 - - [14/Jan/2016:03:16:28 +0000] "GET /vehicle/engine/all/1 HTTP/1.1" 304 - "http://localhost:3000/" "Mozilla/5.0 (Macintosh; Intel Mac OS X 10_11_1) AppleWebKit/537.36 (KHTML, like Gecko) Chrome/47.0.2526.106 Safari/537.36"
::1 - - [14/Jan/2016:03:16:28 +0000] "GET /assets/merlin_1D.jpg HTTP/1.1" 304 - "http://localhost:3000/" "Mozilla/5.0 (Macintosh; Intel Mac OS X 10_11_1) AppleWebKit/537.36 (KHTML, like Gecko) Chrome/47.0.2526.106 Safari/537.36"
::1 - - [14/Jan/2016:03:16:29 +0000] "GET /vehicle/tank/all/1 HTTP/1.1" 304 - "http://localhost:3000/" "Mozilla/5.0 (Macintosh; Intel Mac OS X 10_11_1) AppleWebKit/537.36 (KHTML, like Gecko) Chrome/47.0.2526.106 Safari/537.36"
::1 - - [14/Jan/2016:03:16:30 +0000] "GET /vehicle/tank/all/1 HTTP/1.1" 304 - "http://localhost:3000/" "Mozilla/5.0 (Macintosh; Intel Mac OS X 10_11_1) AppleWebKit/537.36 (KHTML, like Gecko) Chrome/47.0.2526.106 Safari/537.36"
::1 - - [14/Jan/2016:03:16:31 +0000] "GET /vehicle/tank/all/1 HTTP/1.1" 304 - "http://localhost:3000/" "Mozilla/5.0 (Macintosh; Intel Mac OS X 10_11_1) AppleWebKit/537.36 (KHTML, like Gecko) Chrome/47.0.2526.106 Safari/537.36"
::1 - - [14/Jan/2016:03:16:32 +0000] "GET /vehicle/tank/all/1 HTTP/1.1" 304 - "http://localhost:3000/" "Mozilla/5.0 (Macintosh; Intel Mac OS X 10_11_1) AppleWebKit/537.36 (KHTML, like Gecko) Chrome/47.0.2526.106 Safari/537.36"
::1 - - [14/Jan/2016:03:16:32 +0000] "GET /mission/meta/1 HTTP/1.1" 304 - "http://localhost:3000/" "Mozilla/5.0 (Macintosh; Intel Mac OS X 10_11_1) AppleWebKit/537.36 (KHTML, like Gecko) Chrome/47.0.2526.106 Safari/537.36"
::1 - - [14/Jan/2016:03:16:32 +0000] "GET /vehicle/engine/all/1 HTTP/1.1" 304 - "http://localhost:3000/" "Mozilla/5.0 (Macintosh; Intel Mac OS X 10_11_1) AppleWebKit/537.36 (KHTML, like Gecko) Chrome/47.0.2526.106 Safari/537.36"
::1 - - [14/Jan/2016:03:16:32 +0000] "GET /vehicle/tank/all/1 HTTP/1.1" 304 - "http://localhost:3000/" "Mozilla/5.0 (Macintosh; Intel Mac OS X 10_11_1) AppleWebKit/537.36 (KHTML, like Gecko) Chrome/47.0.2526.106 Safari/537.36"
::1 - - [14/Jan/2016:03:16:33 +0000] "GET /vehicle/engine/all/1 HTTP/1.1" 304 - "http://localhost:3000/" "Mozilla/5.0 (Macintosh; Intel Mac OS X 10_11_1) AppleWebKit/537.36 (KHTML, like Gecko) Chrome/47.0.2526.106 Safari/537.36"
::1 - - [14/Jan/2016:03:16:33 +0000] "GET /vehicle/tank/all/1 HTTP/1.1" 304 - "http://localhost:3000/" "Mozilla/5.0 (Macintosh; Intel Mac OS X 10_11_1) AppleWebKit/537.36 (KHTML, like Gecko) Chrome/47.0.2526.106 Safari/537.36"
::1 - - [14/Jan/2016:03:16:34 +0000] "GET /vehicle/tank/all/1 HTTP/1.1" 304 - "http://localhost:3000/" "Mozilla/5.0 (Macintosh; Intel Mac OS X 10_11_1) AppleWebKit/537.36 (KHTML, like Gecko) Chrome/47.0.2526.106 Safari/537.36"
::1 - - [14/Jan/2016:03:16:35 +0000] "GET /vehicle/tank/all/1 HTTP/1.1" 304 - "http://localhost:3000/" "Mozilla/5.0 (Macintosh; Intel Mac OS X 10_11_1) AppleWebKit/537.36 (KHTML, like Gecko) Chrome/47.0.2526.106 Safari/537.36"
::1 - - [14/Jan/2016:03:16:36 +0000] "GET /vehicle/tank/all/1 HTTP/1.1" 304 - "http://localhost:3000/" "Mozilla/5.0 (Macintosh; Intel Mac OS X 10_11_1) AppleWebKit/537.36 (KHTML, like Gecko) Chrome/47.0.2526.106 Safari/537.36"
::1 - - [14/Jan/2016:03:16:36 +0000] "GET /vehicle/engine/all/1 HTTP/1.1" 304 - "http://localhost:3000/" "Mozilla/5.0 (Macintosh; Intel Mac OS X 10_11_1) AppleWebKit/537.36 (KHTML, like Gecko) Chrome/47.0.2526.106 Safari/537.36"
::1 - - [14/Jan/2016:03:16:37 +0000] "GET /vehicle/tank/all/1 HTTP/1.1" 304 - "http://localhost:3000/" "Mozilla/5.0 (Macintosh; Intel Mac OS X 10_11_1) AppleWebKit/537.36 (KHTML, like Gecko) Chrome/47.0.2526.106 Safari/537.36"
::1 - - [14/Jan/2016:03:16:37 +0000] "GET / HTTP/1.1" 304 - "-" "Mozilla/5.0 (Macintosh; Intel Mac OS X 10_11_1) AppleWebKit/537.36 (KHTML, like Gecko) Chrome/47.0.2526.106 Safari/537.36"
::1 - - [14/Jan/2016:03:16:37 +0000] "GET /styles/styles.css HTTP/1.1" 304 - "http://localhost:3000/" "Mozilla/5.0 (Macintosh; Intel Mac OS X 10_11_1) AppleWebKit/537.36 (KHTML, like Gecko) Chrome/47.0.2526.106 Safari/537.36"
::1 - - [14/Jan/2016:03:16:37 +0000] "GET /dist/dependencies.min.js HTTP/1.1" 304 - "http://localhost:3000/" "Mozilla/5.0 (Macintosh; Intel Mac OS X 10_11_1) AppleWebKit/537.36 (KHTML, like Gecko) Chrome/47.0.2526.106 Safari/537.36"
::1 - - [14/Jan/2016:03:16:37 +0000] "GET /app/app.js HTTP/1.1" 304 - "http://localhost:3000/" "Mozilla/5.0 (Macintosh; Intel Mac OS X 10_11_1) AppleWebKit/537.36 (KHTML, like Gecko) Chrome/47.0.2526.106 Safari/537.36"
::1 - - [14/Jan/2016:03:16:37 +0000] "GET /app/route-config.js HTTP/1.1" 304 - "http://localhost:3000/" "Mozilla/5.0 (Macintosh; Intel Mac OS X 10_11_1) AppleWebKit/537.36 (KHTML, like Gecko) Chrome/47.0.2526.106 Safari/537.36"
::1 - - [14/Jan/2016:03:16:37 +0000] "GET /app/auth/auth.controller.js HTTP/1.1" 304 - "http://localhost:3000/" "Mozilla/5.0 (Macintosh; Intel Mac OS X 10_11_1) AppleWebKit/537.36 (KHTML, like Gecko) Chrome/47.0.2526.106 Safari/537.36"
::1 - - [14/Jan/2016:03:16:37 +0000] "GET /app/craft/craft.controller.js HTTP/1.1" 304 - "http://localhost:3000/" "Mozilla/5.0 (Macintosh; Intel Mac OS X 10_11_1) AppleWebKit/537.36 (KHTML, like Gecko) Chrome/47.0.2526.106 Safari/537.36"
::1 - - [14/Jan/2016:03:16:37 +0000] "GET /app/mission/mission.controller.js HTTP/1.1" 304 - "http://localhost:3000/" "Mozilla/5.0 (Macintosh; Intel Mac OS X 10_11_1) AppleWebKit/537.36 (KHTML, like Gecko) Chrome/47.0.2526.106 Safari/537.36"
::1 - - [14/Jan/2016:03:16:37 +0000] "GET /app/stage1/stage1.controller.js HTTP/1.1" 304 - "http://localhost:3000/" "Mozilla/5.0 (Macintosh; Intel Mac OS X 10_11_1) AppleWebKit/537.36 (KHTML, like Gecko) Chrome/47.0.2526.106 Safari/537.36"
::1 - - [14/Jan/2016:03:16:37 +0000] "GET /app/stage2/stage2.controller.js HTTP/1.1" 304 - "http://localhost:3000/" "Mozilla/5.0 (Macintosh; Intel Mac OS X 10_11_1) AppleWebKit/537.36 (KHTML, like Gecko) Chrome/47.0.2526.106 Safari/537.36"
::1 - - [14/Jan/2016:03:16:37 +0000] "GET /app/orbit/orbit.controller.js HTTP/1.1" 304 - "http://localhost:3000/" "Mozilla/5.0 (Macintosh; Intel Mac OS X 10_11_1) AppleWebKit/537.36 (KHTML, like Gecko) Chrome/47.0.2526.106 Safari/537.36"
::1 - - [14/Jan/2016:03:16:37 +0000] "GET /app/engines/engines.controller.js HTTP/1.1" 304 - "http://localhost:3000/" "Mozilla/5.0 (Macintosh; Intel Mac OS X 10_11_1) AppleWebKit/537.36 (KHTML, like Gecko) Chrome/47.0.2526.106 Safari/537.36"
::1 - - [14/Jan/2016:03:16:37 +0000] "GET /app/tanks/tanks.controller.js HTTP/1.1" 304 - "http://localhost:3000/" "Mozilla/5.0 (Macintosh; Intel Mac OS X 10_11_1) AppleWebKit/537.36 (KHTML, like Gecko) Chrome/47.0.2526.106 Safari/537.36"
::1 - - [14/Jan/2016:03:16:37 +0000] "GET /app/services/auth.service.js HTTP/1.1" 304 - "http://localhost:3000/" "Mozilla/5.0 (Macintosh; Intel Mac OS X 10_11_1) AppleWebKit/537.36 (KHTML, like Gecko) Chrome/47.0.2526.106 Safari/537.36"
::1 - - [14/Jan/2016:03:16:37 +0000] "GET /app/services/mission.service.js HTTP/1.1" 304 - "http://localhost:3000/" "Mozilla/5.0 (Macintosh; Intel Mac OS X 10_11_1) AppleWebKit/537.36 (KHTML, like Gecko) Chrome/47.0.2526.106 Safari/537.36"
::1 - - [14/Jan/2016:03:16:37 +0000] "GET /app/services/vehicle.service.js HTTP/1.1" 304 - "http://localhost:3000/" "Mozilla/5.0 (Macintosh; Intel Mac OS X 10_11_1) AppleWebKit/537.36 (KHTML, like Gecko) Chrome/47.0.2526.106 Safari/537.36"
::1 - - [14/Jan/2016:03:16:37 +0000] "GET /app/services/spacecraft.service.js HTTP/1.1" 304 - "http://localhost:3000/" "Mozilla/5.0 (Macintosh; Intel Mac OS X 10_11_1) AppleWebKit/537.36 (KHTML, like Gecko) Chrome/47.0.2526.106 Safari/537.36"
::1 - - [14/Jan/2016:03:16:37 +0000] "GET /app/craft/craft.html HTTP/1.1" 200 8114 "http://localhost:3000/" "Mozilla/5.0 (Macintosh; Intel Mac OS X 10_11_1) AppleWebKit/537.36 (KHTML, like Gecko) Chrome/47.0.2526.106 Safari/537.36"
::1 - - [14/Jan/2016:03:16:38 +0000] "GET /assets/earth_3.jpg HTTP/1.1" 304 - "http://localhost:3000/" "Mozilla/5.0 (Macintosh; Intel Mac OS X 10_11_1) AppleWebKit/537.36 (KHTML, like Gecko) Chrome/47.0.2526.106 Safari/537.36"
::1 - - [14/Jan/2016:03:16:38 +0000] "GET /assets/dragon.png HTTP/1.1" 200 75099 "http://localhost:3000/" "Mozilla/5.0 (Macintosh; Intel Mac OS X 10_11_1) AppleWebKit/537.36 (KHTML, like Gecko) Chrome/47.0.2526.106 Safari/537.36"
::1 - - [14/Jan/2016:03:16:38 +0000] "GET /spacecraft/data/1 HTTP/1.1" 200 264 "http://localhost:3000/" "Mozilla/5.0 (Macintosh; Intel Mac OS X 10_11_1) AppleWebKit/537.36 (KHTML, like Gecko) Chrome/47.0.2526.106 Safari/537.36"
::1 - - [14/Jan/2016:03:16:54 +0000] "GET /mission/meta/1 HTTP/1.1" 304 - "http://localhost:3000/" "Mozilla/5.0 (Macintosh; Intel Mac OS X 10_11_1) AppleWebKit/537.36 (KHTML, like Gecko) Chrome/47.0.2526.106 Safari/537.36"
::1 - - [14/Jan/2016:03:16:54 +0000] "GET /vehicle/engine/all/1 HTTP/1.1" 304 - "http://localhost:3000/" "Mozilla/5.0 (Macintosh; Intel Mac OS X 10_11_1) AppleWebKit/537.36 (KHTML, like Gecko) Chrome/47.0.2526.106 Safari/537.36"
::1 - - [14/Jan/2016:03:16:54 +0000] "GET /vehicle/tank/all/1 HTTP/1.1" 304 - "http://localhost:3000/" "Mozilla/5.0 (Macintosh; Intel Mac OS X 10_11_1) AppleWebKit/537.36 (KHTML, like Gecko) Chrome/47.0.2526.106 Safari/537.36"
::1 - - [14/Jan/2016:03:16:54 +0000] "GET /assets/F9.png HTTP/1.1" 304 - "http://localhost:3000/" "Mozilla/5.0 (Macintosh; Intel Mac OS X 10_11_1) AppleWebKit/537.36 (KHTML, like Gecko) Chrome/47.0.2526.106 Safari/537.36"
::1 - - [14/Jan/2016:03:16:54 +0000] "GET /assets/earth_3.jpg HTTP/1.1" 304 - "http://localhost:3000/" "Mozilla/5.0 (Macintosh; Intel Mac OS X 10_11_1) AppleWebKit/537.36 (KHTML, like Gecko) Chrome/47.0.2526.106 Safari/537.36"
::1 - - [14/Jan/2016:03:16:54 +0000] "GET /assets/earth_bump.jpg HTTP/1.1" 304 - "http://localhost:3000/" "Mozilla/5.0 (Macintosh; Intel Mac OS X 10_11_1) AppleWebKit/537.36 (KHTML, like Gecko) Chrome/47.0.2526.106 Safari/537.36"
::1 - - [14/Jan/2016:03:16:54 +0000] "GET /assets/galaxy_starfield.png HTTP/1.1" 304 - "http://localhost:3000/" "Mozilla/5.0 (Macintosh; Intel Mac OS X 10_11_1) AppleWebKit/537.36 (KHTML, like Gecko) Chrome/47.0.2526.106 Safari/537.36"
::1 - - [14/Jan/2016:03:17:06 +0000] "GET /app/orbit/orbit.html HTTP/1.1" 304 - "http://localhost:3000/" "Mozilla/5.0 (Macintosh; Intel Mac OS X 10_11_1) AppleWebKit/537.36 (KHTML, like Gecko) Chrome/47.0.2526.106 Safari/537.36"
::1 - - [14/Jan/2016:03:17:06 +0000] "GET /mission/meta/1 HTTP/1.1" 304 - "http://localhost:3000/" "Mozilla/5.0 (Macintosh; Intel Mac OS X 10_11_1) AppleWebKit/537.36 (KHTML, like Gecko) Chrome/47.0.2526.106 Safari/537.36"
::1 - - [14/Jan/2016:03:17:06 +0000] "GET /assets/earthcloudmaptrans.jpg HTTP/1.1" 304 - "http://localhost:3000/" "Mozilla/5.0 (Macintosh; Intel Mac OS X 10_11_1) AppleWebKit/537.36 (KHTML, like Gecko) Chrome/47.0.2526.106 Safari/537.36"
::1 - - [14/Jan/2016:03:17:52 +0000] "GET /mission/meta/1 HTTP/1.1" 304 - "http://localhost:3000/" "Mozilla/5.0 (Macintosh; Intel Mac OS X 10_11_1) AppleWebKit/537.36 (KHTML, like Gecko) Chrome/47.0.2526.106 Safari/537.36"
::1 - - [14/Jan/2016:03:17:52 +0000] "GET /vehicle/engine/all/1 HTTP/1.1" 304 - "http://localhost:3000/" "Mozilla/5.0 (Macintosh; Intel Mac OS X 10_11_1) AppleWebKit/537.36 (KHTML, like Gecko) Chrome/47.0.2526.106 Safari/537.36"
::1 - - [14/Jan/2016:03:17:52 +0000] "GET /vehicle/tank/all/1 HTTP/1.1" 304 - "http://localhost:3000/" "Mozilla/5.0 (Macintosh; Intel Mac OS X 10_11_1) AppleWebKit/537.36 (KHTML, like Gecko) Chrome/47.0.2526.106 Safari/537.36"
